W0304 18:41:56.368000 3939059 site-packages/torch/distributed/run.py:803] 
W0304 18:41:56.368000 3939059 site-packages/torch/distributed/run.py:803] *****************************************
W0304 18:41:56.368000 3939059 site-packages/torch/distributed/run.py:803] Setting OMP_NUM_THREADS environment variable for each process to be 1 in default, to avoid your system being overloaded, please further tune the variable for optimal performance in your application as needed. 
W0304 18:41:56.368000 3939059 site-packages/torch/distributed/run.py:803] *****************************************
/home/zhiyu/miniconda3/envs/py310/bin/python3.10: can't open file '/mnt/data3/zhiyu/ForensicArtifacts/test.py': [Errno 2] No such file or directory
/home/zhiyu/miniconda3/envs/py310/bin/python3.10: can't open file '/mnt/data3/zhiyu/ForensicArtifacts/test.py': [Errno 2] No such file or directory
E0304 18:41:57.009000 3939059 site-packages/torch/distributed/elastic/multiprocessing/api.py:882] failed (exitcode: 2) local_rank: 0 (pid: 3939154) of binary: /home/zhiyu/miniconda3/envs/py310/bin/python3.10
Traceback (most recent call last):
  File "/home/zhiyu/miniconda3/envs/py310/bin/torchrun", line 7, in <module>
    sys.exit(main())
  File "/home/zhiyu/miniconda3/envs/py310/lib/python3.10/site-packages/torch/distributed/elastic/multiprocessing/errors/__init__.py", line 357, in wrapper
    return f(*args, **kwargs)
  File "/home/zhiyu/miniconda3/envs/py310/lib/python3.10/site-packages/torch/distributed/run.py", line 936, in main
    run(args)
  File "/home/zhiyu/miniconda3/envs/py310/lib/python3.10/site-packages/torch/distributed/run.py", line 927, in run
    elastic_launch(
  File "/home/zhiyu/miniconda3/envs/py310/lib/python3.10/site-packages/torch/distributed/launcher/api.py", line 156, in __call__
    return launch_agent(self._config, self._entrypoint, list(args))
  File "/home/zhiyu/miniconda3/envs/py310/lib/python3.10/site-packages/torch/distributed/launcher/api.py", line 293, in launch_agent
    raise ChildFailedError(
torch.distributed.elastic.multiprocessing.errors.ChildFailedError: 
============================================================
test.py FAILED
------------------------------------------------------------
Failures:
[1]:
  time      : 2026-03-04_18:41:57
  host      : scu-zjz-A40-6
  rank      : 1 (local_rank: 1)
  exitcode  : 2 (pid: 3939155)
  error_file: <N/A>
  traceback : To enable traceback see: https://pytorch.org/docs/stable/elastic/errors.html
------------------------------------------------------------
Root Cause (first observed failure):
[0]:
  time      : 2026-03-04_18:41:57
  host      : scu-zjz-A40-6
  rank      : 0 (local_rank: 0)
  exitcode  : 2 (pid: 3939154)
  error_file: <N/A>
  traceback : To enable traceback see: https://pytorch.org/docs/stable/elastic/errors.html
============================================================
