
============================================================
初始化特征数据集: /mnt/data3/zhiyu/Data/small_openmmsec/train_medium_with_features.json
模式: 训练
============================================================

============================================================
🚀 虚假图像检测训练（预提取特征版本）
============================================================
配置文件: /mnt/data3/zhiyu/ForensicArtifacts/config/adaptive_curriculum_segformer.yaml
设备: cuda:0
分布式: True, World Size: 2

📦 加载特征数据集...

============================================================
初始化特征数据集: /mnt/data3/zhiyu/Data/small_openmmsec/train_medium_with_features.json
模式: 训练
============================================================

[验证统计]
  原始样本数: 8849
  有效样本数: 8263
  缺少字段: 0
  特征缺失: 0
  特征损坏: 586
  标签非法: 0
  缺少置信度: 0

[置信度分布]
  最小值: 0.1840
  最大值: 0.8152
  平均值: 0.4991
  标准差: 0.1256
  分位数: P25=0.3981 P50=0.5023 P75=0.6015 P90=0.6543 P95=0.7075 P99=0.7633 

============================================================
数据集统计
============================================================
总样本数: 8263

标签分布:
  Real: 4040 (48.89%)
  Fake: 4223 (51.11%)

域分布:
  deepfake: 2119
  AIGC: 2078
  Doc: 2062
  IMDL: 2004

置信度统计:
  范围: [0.1840, 0.8152]
  均值: 0.4991
  标准差: 0.1256

配置信息:
  训练模式: 是
  数据来源: 预提取特征 (.npz)
  支持课程学习: 是
============================================================


============================================================
初始化特征数据集: /mnt/data3/zhiyu/Data/small_openmmsec/val_medium_with_features.json
模式: 验证/测试
============================================================

[验证统计]
  原始样本数: 8849
  有效样本数: 8263
  缺少字段: 0
  特征缺失: 0
  特征损坏: 586
  标签非法: 0
  缺少置信度: 0

[置信度分布]
  最小值: 0.1840
  最大值: 0.8152
  平均值: 0.4991
  标准差: 0.1256
  分位数: P25=0.3981 P50=0.5023 P75=0.6015 P90=0.6543 P95=0.7075 P99=0.7633 

============================================================
数据集统计
============================================================
总样本数: 8263

标签分布:
  Real: 4040 (48.89%)
  Fake: 4223 (51.11%)

域分布:
  deepfake: 2119
  AIGC: 2078
  Doc: 2062
  IMDL: 2004

置信度统计:
  范围: [0.1840, 0.8152]
  均值: 0.4991
  标准差: 0.1256

配置信息:
  训练模式: 是
  数据来源: 预提取特征 (.npz)
  支持课程学习: 是
============================================================


============================================================
初始化特征数据集: /mnt/data3/zhiyu/Data/small_openmmsec/val_medium_with_features.json
模式: 验证/测试
============================================================

[验证统计]
  原始样本数: 1578
  有效样本数: 1578
  缺少字段: 0
  特征缺失: 0
  特征损坏: 0
  标签非法: 0
  缺少置信度: 1578

[置信度分布]
  最小值: 0.5000
  最大值: 0.5000
  平均值: 0.5000
  标准差: 0.0000
  分位数: P25=0.5000 P50=0.5000 P75=0.5000 P90=0.5000 P95=0.5000 P99=0.5000 

============================================================
数据集统计
============================================================
总样本数: 1578

标签分布:
  Real: 778 (49.30%)
  Fake: 800 (50.70%)

域分布:
  deepfake: 400
  AIGC: 400
  IMDL: 400
  Doc: 378

置信度统计:
  范围: [0.5000, 0.5000]
  均值: 0.5000
  标准差: 0.0000

配置信息:
  训练模式: 否
  数据来源: 预提取特征 (.npz)
  支持课程学习: 是
============================================================


======================================================================
🎯 自适应课程学习管理器（Adaptive Curriculum Learning）
======================================================================

📊 数据集信息:
  总样本数: 8263
  数据比例: 30% → 100%
  比例更新频率: 每 2 轮
  增长方式: 线性增长

🔄 置信度更新:
  预热周期: 3 epochs（不更新置信度）
  更新频率: 每 1 epoch
  权重配置: 初始置信度=0.60, 损失反馈=0.40
  EMA动量: 0.9
  损失归一化: percentile
  KL正则化: 启用 (权重=0.1)

📈 采样策略:
  调度方式: linear
  置信度权重: 0.0 → 0.7
  高置信度 = 简单样本（优先采样）

🖥️  分布式:
  启用: 是
  进程数: 2
  当前rank: 0

📅 数据比例增长计划:
  Epoch  1- 2: 数据=30.0% ( 2478样本), 置信度权重=0.00 (预热期)
  Epoch  3- 4: 数据=34.7% ( 2864样本), 置信度权重=0.00 (预热期)
  Epoch  5- 6: 数据=39.3% ( 3250样本), 置信度权重=0.03
  Epoch  7- 8: 数据=44.0% ( 3635样本), 置信度权重=0.08
  Epoch  9-10: 数据=48.7% ( 4021样本), 置信度权重=0.13
  Epoch 11-12: 数据=53.3% ( 4406样本), 置信度权重=0.18
  Epoch 13-14: 数据=58.0% ( 4792样本), 置信度权重=0.23
  Epoch 15-16: 数据=62.7% ( 5178样本), 置信度权重=0.29
  Epoch 17-18: 数据=67.3% ( 5563样本), 置信度权重=0.34
  Epoch 19-20: 数据=72.0% ( 5949样本), 置信度权重=0.39
  Epoch 21-22: 数据=76.7% ( 6334样本), 置信度权重=0.44
  Epoch 23-24: 数据=81.3% ( 6720样本), 置信度权重=0.49
  Epoch 25-26: 数据=86.0% ( 7106样本), 置信度权重=0.54
  Epoch 27-28: 数据=90.7% ( 7491样本), 置信度权重=0.60
  Epoch 29-30: 数据=95.3% ( 7877样本), 置信度权重=0.65
======================================================================


📚 课程学习已启用 (类型: adaptive)
  模式: 全量数据 + 难度排序训练
训练集: 8263 样本
验证集: 1578 样本, 50 批次

✅ 特征增强已启用

🏗️ 初始化模型...

[验证统计]
  原始样本数: 1578
  有效样本数: 1578
  缺少字段: 0
  特征缺失: 0
  特征损坏: 0
  标签非法: 0
  缺少置信度: 1578

[置信度分布]
  最小值: 0.5000
  最大值: 0.5000
  平均值: 0.5000
  标准差: 0.0000
  分位数: P25=0.5000 P50=0.5000 P75=0.5000 P90=0.5000 P95=0.5000 P99=0.5000 

============================================================
数据集统计
============================================================
总样本数: 1578

标签分布:
  Real: 778 (49.30%)
  Fake: 800 (50.70%)

域分布:
  deepfake: 400
  AIGC: 400
  IMDL: 400
  Doc: 378

置信度统计:
  范围: [0.5000, 0.5000]
  均值: 0.5000
  标准差: 0.0000

配置信息:
  训练模式: 否
  数据来源: 预提取特征 (.npz)
  支持课程学习: 是
============================================================

  总参数量: 2,363,812

============================================================
🏃 开始训练...
============================================================

[Curriculum-Adaptive] Epoch 1: [预热期]
  数据量: 2478/8263 (30.0%)
  置信度权重: 0.00
  平均置信度: 0.4992 (std=0.1990)
  已更新样本: 0

============================================================
Epoch 1 验证结果
============================================================
全局指标:
  Loss:      0.8127
  Accuracy:  47.40%
  AUC:       0.4855
  F1:        0.4012
  Precision: 0.4894
  Recall:    0.3399

按域统计:
  Doc            : Acc= 68.3%  AUC=0.585  (140/205)
  deepfake       : Acc= 44.4%  AUC=0.607  (88/198)
  AIGC           : Acc= 34.5%  AUC=0.348  (67/194)
  IMDL           : Acc= 41.1%  AUC=0.338  (79/192)
============================================================


Epoch 1 总结:
  训练损失: 0.6399 | 训练准确率: 77.19%
  验证损失: 0.8127 | 验证准确率: 47.40%
  验证 AUC: 0.4855 | 验证 F1: 0.4012
  学习率: 0.000067
  ✓ 最佳模型已保存! (准确率: 47.40%, AUC: 0.4855)

[Curriculum-Adaptive] Epoch 2: [预热期]
  数据量: 2478/8263 (30.0%)
  置信度权重: 0.00
  平均置信度: 0.4992 (std=0.1990)
  已更新样本: 0

============================================================
Epoch 2 验证结果
============================================================
全局指标:
  Loss:      1.1704
  Accuracy:  49.43%
  AUC:       0.5177
  F1:        0.4175
  Precision: 0.5181
  Recall:    0.3496

按域统计:
  Doc            : Acc= 69.3%  AUC=0.706  (142/205)
  deepfake       : Acc= 45.5%  AUC=0.563  (90/198)
  AIGC           : Acc= 32.5%  AUC=0.328  (63/194)
  IMDL           : Acc= 49.5%  AUC=0.452  (95/192)
============================================================


Epoch 2 总结:
  训练损失: 0.3878 | 训练准确率: 92.29%
  验证损失: 1.1704 | 验证准确率: 49.43%
  验证 AUC: 0.5177 | 验证 F1: 0.4175
  学习率: 0.000100
  ✓ 最佳模型已保存! (准确率: 49.43%, AUC: 0.5177)

[Curriculum-Adaptive] Epoch 3: [预热期]
  数据量: 2864/8263 (34.7%)
  置信度权重: 0.00
  平均置信度: 0.4992 (std=0.1990)
  已更新样本: 0

============================================================
Epoch 3 验证结果
============================================================
全局指标:
  Loss:      1.6034
  Accuracy:  50.70%
  AUC:       0.5252
  F1:        0.4254
  Precision: 0.5373
  Recall:    0.3521

按域统计:
  Doc            : Acc= 69.8%  AUC=0.779  (143/205)
  deepfake       : Acc= 45.5%  AUC=0.544  (90/198)
  AIGC           : Acc= 35.6%  AUC=0.320  (69/194)
  IMDL           : Acc= 51.0%  AUC=0.471  (98/192)
============================================================

[AdaptiveCurriculum] 置信度已更新: 样本数=2848, 平均置信度=0.5028, 标准差=0.1980

Epoch 3 总结:
  训练损失: 0.2679 | 训练准确率: 95.37%
  验证损失: 1.6034 | 验证准确率: 50.70%
  验证 AUC: 0.5252 | 验证 F1: 0.4254
  学习率: 0.000100
  ✓ 最佳模型已保存! (准确率: 50.70%, AUC: 0.5252)

[Curriculum-Adaptive] Epoch 4:
  数据量: 2864/8263 (34.7%)
  置信度权重: 0.00
  平均置信度: 0.5028 (std=0.1980)
  已更新样本: 2848

============================================================
Epoch 4 验证结果
============================================================
全局指标:
  Loss:      1.6580
  Accuracy:  49.56%
  AUC:       0.5353
  F1:        0.4804
  Precision: 0.5154
  Recall:    0.4499

按域统计:
  Doc            : Acc= 67.3%  AUC=0.846  (138/205)
  deepfake       : Acc= 46.5%  AUC=0.518  (92/198)
  AIGC           : Acc= 37.6%  AUC=0.391  (73/194)
  IMDL           : Acc= 45.8%  AUC=0.451  (88/192)
============================================================

[AdaptiveCurriculum] 置信度已更新: 样本数=2848, 平均置信度=0.5098, 标准差=0.1984

Epoch 4 总结:
  训练损失: 0.2521 | 训练准确率: 94.94%
  验证损失: 1.6580 | 验证准确率: 49.56%
  验证 AUC: 0.5353 | 验证 F1: 0.4804
  学习率: 0.000100

[Curriculum-Adaptive] Epoch 5:
  数据量: 3250/8263 (39.3%)
  置信度权重: 0.03
  平均置信度: 0.5098 (std=0.1984)
  已更新样本: 2980

============================================================
Epoch 5 验证结果
============================================================
全局指标:
  Loss:      1.7463
  Accuracy:  50.06%
  AUC:       0.5483
  F1:        0.4704
  Precision: 0.5224
  Recall:    0.4279

按域统计:
  Doc            : Acc= 68.3%  AUC=0.849  (140/205)
  deepfake       : Acc= 46.5%  AUC=0.552  (92/198)
  AIGC           : Acc= 37.6%  AUC=0.374  (73/194)
  IMDL           : Acc= 46.9%  AUC=0.498  (90/192)
============================================================

[AdaptiveCurriculum] 置信度已更新: 样本数=3232, 平均置信度=0.5121, 标准差=0.1971

Epoch 5 总结:
  训练损失: 0.2708 | 训练准确率: 93.19%
  验证损失: 1.7463 | 验证准确率: 50.06%
  验证 AUC: 0.5483 | 验证 F1: 0.4704
  学习率: 0.000099

[Curriculum-Adaptive] Epoch 6:
  数据量: 3250/8263 (39.3%)
  置信度权重: 0.05
  平均置信度: 0.5121 (std=0.1971)
  已更新样本: 3263

============================================================
Epoch 6 验证结果
============================================================
全局指标:
  Loss:      1.9896
  Accuracy:  50.32%
  AUC:       0.5416
  F1:        0.4494
  Precision: 0.5281
  Recall:    0.3912

按域统计:
  Doc            : Acc= 67.8%  AUC=0.830  (139/205)
  deepfake       : Acc= 46.0%  AUC=0.523  (91/198)
  AIGC           : Acc= 39.2%  AUC=0.403  (76/194)
  IMDL           : Acc= 47.4%  AUC=0.468  (91/192)
============================================================

[AdaptiveCurriculum] 置信度已更新: 样本数=3232, 平均置信度=0.5145, 标准差=0.1961

Epoch 6 总结:
  训练损失: 0.2551 | 训练准确率: 94.74%
  验证损失: 1.9896 | 验证准确率: 50.32%
  验证 AUC: 0.5416 | 验证 F1: 0.4494
  学习率: 0.000097

[Curriculum-Adaptive] Epoch 7:
  数据量: 3635/8263 (44.0%)
  置信度权重: 0.08
  平均置信度: 0.5145 (std=0.1961)
  已更新样本: 3426

============================================================
Epoch 7 验证结果
============================================================
全局指标:
  Loss:      1.9142
  Accuracy:  49.81%
  AUC:       0.5204
  F1:        0.4692
  Precision: 0.5193
  Recall:    0.4279

按域统计:
  Doc            : Acc= 66.8%  AUC=0.588  (137/205)
  deepfake       : Acc= 45.5%  AUC=0.495  (90/198)
  AIGC           : Acc= 38.7%  AUC=0.376  (75/194)
  IMDL           : Acc= 47.4%  AUC=0.494  (91/192)
============================================================

[AdaptiveCurriculum] 置信度已更新: 样本数=3616, 平均置信度=0.5179, 标准差=0.1961

Epoch 7 总结:
  训练损失: 0.3171 | 训练准确率: 92.42%
  验证损失: 1.9142 | 验证准确率: 49.81%
  验证 AUC: 0.5204 | 验证 F1: 0.4692
  学习率: 0.000095

[Curriculum-Adaptive] Epoch 8:
  数据量: 3635/8263 (44.0%)
  置信度权重: 0.10
  平均置信度: 0.5179 (std=0.1961)
  已更新样本: 3697

============================================================
Epoch 8 验证结果
============================================================
全局指标:
  Loss:      1.8430
  Accuracy:  51.20%
  AUC:       0.5407
  F1:        0.5229
  Precision: 0.5302
  Recall:    0.5159

按域统计:
  Doc            : Acc= 65.4%  AUC=0.720  (134/205)
  deepfake       : Acc= 45.5%  AUC=0.519  (90/198)
  AIGC           : Acc= 43.8%  AUC=0.437  (85/194)
  IMDL           : Acc= 49.5%  AUC=0.484  (95/192)
============================================================

[AdaptiveCurriculum] 置信度已更新: 样本数=3616, 平均置信度=0.5205, 标准差=0.1959

Epoch 8 总结:
  训练损失: 0.2912 | 训练准确率: 93.14%
  验证损失: 1.8430 | 验证准确率: 51.20%
  验证 AUC: 0.5407 | 验证 F1: 0.5229
  学习率: 0.000092
  ✓ 最佳模型已保存! (准确率: 51.20%, AUC: 0.5407)

[Curriculum-Adaptive] Epoch 9:
  数据量: 4021/8263 (48.7%)
  置信度权重: 0.13
  平均置信度: 0.5205 (std=0.1959)
  已更新样本: 3862

============================================================
Epoch 9 验证结果
============================================================
全局指标:
  Loss:      1.7598
  Accuracy:  52.85%
  AUC:       0.5540
  F1:        0.4973
  Precision: 0.5559
  Recall:    0.4499

按域统计:
  Doc            : Acc= 67.3%  AUC=0.718  (138/205)
  deepfake       : Acc= 45.5%  AUC=0.500  (90/198)
  AIGC           : Acc= 45.4%  AUC=0.454  (88/194)
  IMDL           : Acc= 52.6%  AUC=0.523  (101/192)
============================================================

[AdaptiveCurriculum] 置信度已更新: 样本数=4000, 平均置信度=0.5231, 标准差=0.1961

Epoch 9 总结:
  训练损失: 0.3565 | 训练准确率: 90.20%
  验证损失: 1.7598 | 验证准确率: 52.85%
  验证 AUC: 0.5540 | 验证 F1: 0.4973
  学习率: 0.000088
  ✓ 最佳模型已保存! (准确率: 52.85%, AUC: 0.5540)

[Curriculum-Adaptive] Epoch 10:
  数据量: 4021/8263 (48.7%)
  置信度权重: 0.16
  平均置信度: 0.5231 (std=0.1961)
  已更新样本: 4095

============================================================
Epoch 10 验证结果
============================================================
全局指标:
  Loss:      1.9297
  Accuracy:  52.60%
  AUC:       0.5433
  F1:        0.5217
  Precision: 0.5469
  Recall:    0.4988

按域统计:
  Doc            : Acc= 67.3%  AUC=0.644  (138/205)
  deepfake       : Acc= 44.9%  AUC=0.513  (89/198)
  AIGC           : Acc= 45.4%  AUC=0.450  (88/194)
  IMDL           : Acc= 52.1%  AUC=0.503  (100/192)
============================================================

[AdaptiveCurriculum] 置信度已更新: 样本数=4000, 平均置信度=0.5257, 标准差=0.1963

Epoch 10 总结:
  训练损失: 0.3122 | 训练准确率: 91.55%
  验证损失: 1.9297 | 验证准确率: 52.60%
  验证 AUC: 0.5433 | 验证 F1: 0.5217
  学习率: 0.000084

[Curriculum-Adaptive] Epoch 11:
  数据量: 4406/8263 (53.3%)
  置信度权重: 0.18
  平均置信度: 0.5257 (std=0.1963)
  已更新样本: 4257

============================================================
Epoch 11 验证结果
============================================================
全局指标:
  Loss:      2.2307
  Accuracy:  52.34%
  AUC:       0.5521
  F1:        0.4613
  Precision: 0.5571
  Recall:    0.3936

按域统计:
  Doc            : Acc= 68.8%  AUC=0.651  (141/205)
  deepfake       : Acc= 45.5%  AUC=0.523  (90/198)
  AIGC           : Acc= 42.8%  AUC=0.435  (83/194)
  IMDL           : Acc= 51.6%  AUC=0.527  (99/192)
============================================================

[AdaptiveCurriculum] 置信度已更新: 样本数=4384, 平均置信度=0.5284, 标准差=0.1971

Epoch 11 总结:
  训练损失: 0.3832 | 训练准确率: 88.09%
  验证损失: 2.2307 | 验证准确率: 52.34%
  验证 AUC: 0.5521 | 验证 F1: 0.4613
  学习率: 0.000080

[Curriculum-Adaptive] Epoch 12:
  数据量: 4406/8263 (53.3%)
  置信度权重: 0.21
  平均置信度: 0.5284 (std=0.1971)
  已更新样本: 4474

============================================================
Epoch 12 验证结果
============================================================
全局指标:
  Loss:      1.7085
  Accuracy:  54.88%
  AUC:       0.5830
  F1:        0.5279
  Precision: 0.5768
  Recall:    0.4866

按域统计:
  Doc            : Acc= 68.8%  AUC=0.820  (141/205)
  deepfake       : Acc= 44.9%  AUC=0.534  (89/198)
  AIGC           : Acc= 53.1%  AUC=0.526  (103/194)
  IMDL           : Acc= 52.1%  AUC=0.544  (100/192)
============================================================

[AdaptiveCurriculum] 置信度已更新: 样本数=4384, 平均置信度=0.5309, 标准差=0.1977

Epoch 12 总结:
  训练损失: 0.3814 | 训练准确率: 88.37%
  验证损失: 1.7085 | 验证准确率: 54.88%
  验证 AUC: 0.5830 | 验证 F1: 0.5279
  学习率: 0.000075
  ✓ 最佳模型已保存! (准确率: 54.88%, AUC: 0.5830)

[Curriculum-Adaptive] Epoch 13:
  数据量: 4792/8263 (58.0%)
  置信度权重: 0.23
  平均置信度: 0.5309 (std=0.1977)
  已更新样本: 4629

============================================================
Epoch 13 验证结果
============================================================
全局指标:
  Loss:      1.6545
  Accuracy:  56.40%
  AUC:       0.5796
  F1:        0.5413
  Precision: 0.5953
  Recall:    0.4963

按域统计:
  Doc            : Acc= 69.3%  AUC=0.650  (142/205)
  deepfake       : Acc= 46.5%  AUC=0.524  (92/198)
  AIGC           : Acc= 54.1%  AUC=0.523  (105/194)
  IMDL           : Acc= 55.2%  AUC=0.563  (106/192)
============================================================

[AdaptiveCurriculum] 置信度已更新: 样本数=4768, 平均置信度=0.5336, 标准差=0.1986

Epoch 13 总结:
  训练损失: 0.4383 | 训练准确率: 85.49%
  验证损失: 1.6545 | 验证准确率: 56.40%
  验证 AUC: 0.5796 | 验证 F1: 0.5413
  学习率: 0.000070
  ✓ 最佳模型已保存! (准确率: 56.40%, AUC: 0.5796)

[Curriculum-Adaptive] Epoch 14:
  数据量: 4792/8263 (58.0%)
  置信度权重: 0.26
  平均置信度: 0.5336 (std=0.1986)
  已更新样本: 4860

============================================================
Epoch 14 验证结果
============================================================
全局指标:
  Loss:      1.4300
  Accuracy:  58.30%
  AUC:       0.6107
  F1:        0.5882
  Precision: 0.6026
  Recall:    0.5746

按域统计:
  Doc            : Acc= 68.8%  AUC=0.735  (141/205)
  deepfake       : Acc= 49.5%  AUC=0.544  (98/198)
  AIGC           : Acc= 56.2%  AUC=0.598  (109/194)
  IMDL           : Acc= 58.3%  AUC=0.583  (112/192)
============================================================

[AdaptiveCurriculum] 置信度已更新: 样本数=4768, 平均置信度=0.5359, 标准差=0.1994

Epoch 14 总结:
  训练损失: 0.4109 | 训练准确率: 86.70%
  验证损失: 1.4300 | 验证准确率: 58.30%
  验证 AUC: 0.6107 | 验证 F1: 0.5882
  学习率: 0.000065
  ✓ 最佳模型已保存! (准确率: 58.30%, AUC: 0.6107)

[Curriculum-Adaptive] Epoch 15:
  数据量: 5178/8263 (62.7%)
  置信度权重: 0.29
  平均置信度: 0.5359 (std=0.1994)
  已更新样本: 4993

============================================================
Epoch 15 验证结果
============================================================
全局指标:
  Loss:      1.3027
  Accuracy:  57.54%
  AUC:       0.6289
  F1:        0.5978
  Precision: 0.5873
  Recall:    0.6088

按域统计:
  Doc            : Acc= 66.8%  AUC=0.726  (137/205)
  deepfake       : Acc= 52.0%  AUC=0.587  (103/198)
  AIGC           : Acc= 56.7%  AUC=0.654  (110/194)
  IMDL           : Acc= 54.2%  AUC=0.592  (104/192)
============================================================

[AdaptiveCurriculum] 置信度已更新: 样本数=5152, 平均置信度=0.5380, 标准差=0.2004

Epoch 15 总结:
  训练损失: 0.4955 | 训练准确率: 82.65%
  验证损失: 1.3027 | 验证准确率: 57.54%
  验证 AUC: 0.6289 | 验证 F1: 0.5978
  学习率: 0.000059

[Curriculum-Adaptive] Epoch 16:
  数据量: 5178/8263 (62.7%)
  置信度权重: 0.31
  平均置信度: 0.5380 (std=0.2004)
  已更新样本: 5198

============================================================
Epoch 16 验证结果
============================================================
全局指标:
  Loss:      1.1833
  Accuracy:  60.20%
  AUC:       0.6430
  F1:        0.6045
  Precision: 0.6234
  Recall:    0.5868

按域统计:
  Doc            : Acc= 68.3%  AUC=0.716  (140/205)
  deepfake       : Acc= 53.5%  AUC=0.592  (106/198)
  AIGC           : Acc= 57.2%  AUC=0.647  (111/194)
  IMDL           : Acc= 61.5%  AUC=0.640  (118/192)
============================================================

[AdaptiveCurriculum] 置信度已更新: 样本数=5152, 平均置信度=0.5401, 标准差=0.2011

Epoch 16 总结:
  训练损失: 0.4704 | 训练准确率: 83.15%
  验证损失: 1.1833 | 验证准确率: 60.20%
  验证 AUC: 0.6430 | 验证 F1: 0.6045
  学习率: 0.000053
  ✓ 最佳模型已保存! (准确率: 60.20%, AUC: 0.6430)

[Curriculum-Adaptive] Epoch 17:
  数据量: 5563/8263 (67.3%)
  置信度权重: 0.34
  平均置信度: 0.5401 (std=0.2011)
  已更新样本: 5353

============================================================
Epoch 17 验证结果
============================================================
全局指标:
  Loss:      1.0975
  Accuracy:  61.22%
  AUC:       0.6646
  F1:        0.6483
  Precision: 0.6117
  Recall:    0.6895

按域统计:
  Doc            : Acc= 67.3%  AUC=0.770  (138/205)
  deepfake       : Acc= 56.6%  AUC=0.621  (112/198)
  AIGC           : Acc= 61.3%  AUC=0.720  (119/194)
  IMDL           : Acc= 59.4%  AUC=0.635  (114/192)
============================================================

[AdaptiveCurriculum] 置信度已更新: 样本数=5536, 平均置信度=0.5418, 标准差=0.2019

Epoch 17 总结:
  训练损失: 0.5187 | 训练准确率: 80.82%
  验证损失: 1.0975 | 验证准确率: 61.22%
  验证 AUC: 0.6646 | 验证 F1: 0.6483
  学习率: 0.000048
  ✓ 最佳模型已保存! (准确率: 61.22%, AUC: 0.6646)

[Curriculum-Adaptive] Epoch 18:
  数据量: 5563/8263 (67.3%)
  置信度权重: 0.36
  平均置信度: 0.5418 (std=0.2019)
  已更新样本: 5571

============================================================
Epoch 18 验证结果
============================================================
全局指标:
  Loss:      0.9636
  Accuracy:  62.36%
  AUC:       0.6706
  F1:        0.6148
  Precision: 0.6547
  Recall:    0.5795

按域统计:
  Doc            : Acc= 69.3%  AUC=0.737  (142/205)
  deepfake       : Acc= 51.5%  AUC=0.635  (102/198)
  AIGC           : Acc= 62.9%  AUC=0.714  (122/194)
  IMDL           : Acc= 65.6%  AUC=0.681  (126/192)
============================================================

[AdaptiveCurriculum] 置信度已更新: 样本数=5536, 平均置信度=0.5435, 标准差=0.2027

Epoch 18 总结:
  训练损失: 0.5148 | 训练准确率: 81.50%
  验证损失: 0.9636 | 验证准确率: 62.36%
  验证 AUC: 0.6706 | 验证 F1: 0.6148
  学习率: 0.000042
  ✓ 最佳模型已保存! (准确率: 62.36%, AUC: 0.6706)

[Curriculum-Adaptive] Epoch 19:
  数据量: 5949/8263 (72.0%)
  置信度权重: 0.39
  平均置信度: 0.5435 (std=0.2027)
  已更新样本: 5704

============================================================
Epoch 19 验证结果
============================================================
全局指标:
  Loss:      0.7856
  Accuracy:  65.78%
  AUC:       0.7006
  F1:        0.6475
  Precision: 0.6947
  Recall:    0.6064

按域统计:
  Doc            : Acc= 67.8%  AUC=0.778  (139/205)
  deepfake       : Acc= 59.1%  AUC=0.635  (117/198)
  AIGC           : Acc= 70.6%  AUC=0.760  (137/194)
  IMDL           : Acc= 65.6%  AUC=0.708  (126/192)
============================================================

[AdaptiveCurriculum] 置信度已更新: 样本数=5920, 平均置信度=0.5477, 标准差=0.2044

Epoch 19 总结:
  训练损失: 0.5557 | 训练准确率: 78.31%
  验证损失: 0.7856 | 验证准确率: 65.78%
  验证 AUC: 0.7006 | 验证 F1: 0.6475
  学习率: 0.000036
  ✓ 最佳模型已保存! (准确率: 65.78%, AUC: 0.7006)

[Curriculum-Adaptive] Epoch 20:
  数据量: 5949/8263 (72.0%)
  置信度权重: 0.41
  平均置信度: 0.5477 (std=0.2044)
  已更新样本: 5937

============================================================
Epoch 20 验证结果
============================================================
全局指标:
  Loss:      0.7646
  Accuracy:  66.79%
  AUC:       0.7088
  F1:        0.6773
  Precision: 0.6824
  Recall:    0.6724

按域统计:
  Doc            : Acc= 67.8%  AUC=0.777  (139/205)
  deepfake       : Acc= 60.1%  AUC=0.645  (119/198)
  AIGC           : Acc= 71.1%  AUC=0.795  (138/194)
  IMDL           : Acc= 68.2%  AUC=0.713  (131/192)
============================================================

[AdaptiveCurriculum] 置信度已更新: 样本数=5920, 平均置信度=0.5490, 标准差=0.2049

Epoch 20 总结:
  训练损失: 0.5383 | 训练准确率: 78.99%
  验证损失: 0.7646 | 验证准确率: 66.79%
  验证 AUC: 0.7088 | 验证 F1: 0.6773
  学习率: 0.000031
  ✓ 最佳模型已保存! (准确率: 66.79%, AUC: 0.7088)

[Curriculum-Adaptive] Epoch 21:
  数据量: 6334/8263 (76.7%)
  置信度权重: 0.44
  平均置信度: 0.5490 (std=0.2049)
  已更新样本: 6074

============================================================
Epoch 21 验证结果
============================================================
全局指标:
  Loss:      0.5664
  Accuracy:  71.74%
  AUC:       0.7909
  F1:        0.7031
  Precision: 0.7719
  Recall:    0.6455

按域统计:
  Doc            : Acc= 76.1%  AUC=0.858  (156/205)
  deepfake       : Acc= 65.2%  AUC=0.703  (129/198)
  AIGC           : Acc= 74.7%  AUC=0.844  (145/194)
  IMDL           : Acc= 70.8%  AUC=0.747  (136/192)
============================================================

[AdaptiveCurriculum] 置信度已更新: 样本数=6304, 平均置信度=0.5504, 标准差=0.2054

Epoch 21 总结:
  训练损失: 0.5555 | 训练准确率: 77.51%
  验证损失: 0.5664 | 验证准确率: 71.74%
  验证 AUC: 0.7909 | 验证 F1: 0.7031
  学习率: 0.000026
  ✓ 最佳模型已保存! (准确率: 71.74%, AUC: 0.7909)

[Curriculum-Adaptive] Epoch 22:
  数据量: 6334/8263 (76.7%)
  置信度权重: 0.47
  平均置信度: 0.5504 (std=0.2054)
  已更新样本: 6385

============================================================
Epoch 22 验证结果
============================================================
全局指标:
  Loss:      0.5559
  Accuracy:  72.88%
  AUC:       0.8026
  F1:        0.7270
  Precision: 0.7600
  Recall:    0.6968

按域统计:
  Doc            : Acc= 82.4%  AUC=0.895  (169/205)
  deepfake       : Acc= 64.1%  AUC=0.706  (127/198)
  AIGC           : Acc= 76.3%  AUC=0.869  (148/194)
  IMDL           : Acc= 68.2%  AUC=0.717  (131/192)
============================================================

[AdaptiveCurriculum] 置信度已更新: 样本数=6304, 平均置信度=0.5513, 标准差=0.2044

Epoch 22 总结:
  训练损失: 0.5600 | 训练准确率: 78.33%
  验证损失: 0.5559 | 验证准确率: 72.88%
  验证 AUC: 0.8026 | 验证 F1: 0.7270
  学习率: 0.000021
  ✓ 最佳模型已保存! (准确率: 72.88%, AUC: 0.8026)

[Curriculum-Adaptive] Epoch 23:
  数据量: 6720/8263 (81.3%)
  置信度权重: 0.49
  平均置信度: 0.5513 (std=0.2044)
  已更新样本: 6707

============================================================
Epoch 23 验证结果
============================================================
全局指标:
  Loss:      0.5424
  Accuracy:  71.74%
  AUC:       0.8057
  F1:        0.7115
  Precision: 0.7555
  Recall:    0.6724

按域统计:
  Doc            : Acc= 75.1%  AUC=0.877  (154/205)
  deepfake       : Acc= 64.1%  AUC=0.708  (127/198)
  AIGC           : Acc= 76.8%  AUC=0.859  (149/194)
  IMDL           : Acc= 70.8%  AUC=0.748  (136/192)
============================================================

[AdaptiveCurriculum] 置信度已更新: 样本数=6720, 平均置信度=0.5529, 标准差=0.2045

Epoch 23 总结:
  训练损失: 0.5558 | 训练准确率: 77.86%
  验证损失: 0.5424 | 验证准确率: 71.74%
  验证 AUC: 0.8057 | 验证 F1: 0.7115
  学习率: 0.000017

[Curriculum-Adaptive] Epoch 24:
  数据量: 6720/8263 (81.3%)
  置信度权重: 0.52
  平均置信度: 0.5529 (std=0.2045)
  已更新样本: 6951

============================================================
Epoch 24 验证结果
============================================================
全局指标:
  Loss:      0.5360
  Accuracy:  72.62%
  AUC:       0.8137
  F1:        0.7150
  Precision: 0.7765
  Recall:    0.6626

按域统计:
  Doc            : Acc= 78.5%  AUC=0.893  (161/205)
  deepfake       : Acc= 63.6%  AUC=0.692  (126/198)
  AIGC           : Acc= 76.8%  AUC=0.872  (149/194)
  IMDL           : Acc= 71.4%  AUC=0.746  (137/192)
============================================================

[AdaptiveCurriculum] 置信度已更新: 样本数=6720, 平均置信度=0.5541, 标准差=0.2040

Epoch 24 总结:
  训练损失: 0.5515 | 训练准确率: 78.84%
  验证损失: 0.5360 | 验证准确率: 72.62%
  验证 AUC: 0.8137 | 验证 F1: 0.7150
  学习率: 0.000013

[Curriculum-Adaptive] Epoch 25:
  数据量: 7106/8263 (86.0%)
  置信度权重: 0.54
  平均置信度: 0.5541 (std=0.2040)
  已更新样本: 7020

============================================================
Epoch 25 验证结果
============================================================
全局指标:
  Loss:      0.5363
  Accuracy:  73.13%
  AUC:       0.8241
  F1:        0.7039
  Precision: 0.8208
  Recall:    0.6161

按域统计:
  Doc            : Acc= 78.5%  AUC=0.892  (161/205)
  deepfake       : Acc= 62.6%  AUC=0.717  (124/198)
  AIGC           : Acc= 79.4%  AUC=0.890  (154/194)
  IMDL           : Acc= 71.9%  AUC=0.751  (138/192)
============================================================

[AdaptiveCurriculum] 置信度已更新: 样本数=7104, 平均置信度=0.5556, 标准差=0.2040

Epoch 25 总结:
  训练损失: 0.5704 | 训练准确率: 77.62%
  验证损失: 0.5363 | 验证准确率: 73.13%
  验证 AUC: 0.8241 | 验证 F1: 0.7039
  学习率: 0.000009
  ✓ 最佳模型已保存! (准确率: 73.13%, AUC: 0.8241)

[Curriculum-Adaptive] Epoch 26:
  数据量: 7106/8263 (86.0%)
  置信度权重: 0.57
  平均置信度: 0.5556 (std=0.2040)
  已更新样本: 7105

============================================================
Epoch 26 验证结果
============================================================
全局指标:
  Loss:      0.5441
  Accuracy:  72.75%
  AUC:       0.8202
  F1:        0.7026
  Precision: 0.8089
  Recall:    0.6210

按域统计:
  Doc            : Acc= 79.5%  AUC=0.901  (163/205)
  deepfake       : Acc= 60.6%  AUC=0.714  (120/198)
  AIGC           : Acc= 78.9%  AUC=0.883  (153/194)
  IMDL           : Acc= 71.9%  AUC=0.739  (138/192)
============================================================

[AdaptiveCurriculum] 置信度已更新: 样本数=7104, 平均置信度=0.5569, 标准差=0.2041

Epoch 26 总结:
  训练损失: 0.5721 | 训练准确率: 77.42%
  验证损失: 0.5441 | 验证准确率: 72.75%
  验证 AUC: 0.8202 | 验证 F1: 0.7026
  学习率: 0.000006

[Curriculum-Adaptive] Epoch 27:
  数据量: 7491/8263 (90.7%)
  置信度权重: 0.60
  平均置信度: 0.5569 (std=0.2041)
  已更新样本: 7158

============================================================
Epoch 27 验证结果
============================================================
全局指标:
  Loss:      0.5359
  Accuracy:  74.14%
  AUC:       0.8382
  F1:        0.7086
  Precision: 0.8522
  Recall:    0.6064

按域统计:
  Doc            : Acc= 82.0%  AUC=0.917  (168/205)
  deepfake       : Acc= 63.6%  AUC=0.721  (126/198)
  AIGC           : Acc= 80.4%  AUC=0.901  (156/194)
  IMDL           : Acc= 70.3%  AUC=0.754  (135/192)
============================================================

[AdaptiveCurriculum] 置信度已更新: 样本数=7488, 平均置信度=0.5585, 标准差=0.2046

Epoch 27 总结:
  训练损失: 0.6139 | 训练准确率: 75.05%
  验证损失: 0.5359 | 验证准确率: 74.14%
  验证 AUC: 0.8382 | 验证 F1: 0.7086
  学习率: 0.000004
  ✓ 最佳模型已保存! (准确率: 74.14%, AUC: 0.8382)

[Curriculum-Adaptive] Epoch 28:
  数据量: 7491/8263 (90.7%)
  置信度权重: 0.62
  平均置信度: 0.5585 (std=0.2046)
  已更新样本: 7488

============================================================
Epoch 28 验证结果
============================================================
全局指标:
  Loss:      0.5547
  Accuracy:  74.14%
  AUC:       0.8289
  F1:        0.7052
  Precision: 0.8622
  Recall:    0.5966

按域统计:
  Doc            : Acc= 82.9%  AUC=0.923  (170/205)
  deepfake       : Acc= 62.1%  AUC=0.707  (123/198)
  AIGC           : Acc= 83.0%  AUC=0.899  (161/194)
  IMDL           : Acc= 68.2%  AUC=0.727  (131/192)
============================================================

[AdaptiveCurriculum] 置信度已更新: 样本数=7488, 平均置信度=0.5600, 标准差=0.2050

Epoch 28 总结:
  训练损失: 0.6272 | 训练准确率: 73.69%
  验证损失: 0.5547 | 验证准确率: 74.14%
  验证 AUC: 0.8289 | 验证 F1: 0.7052
  学习率: 0.000002

[Curriculum-Adaptive] Epoch 29:
  数据量: 7877/8263 (95.3%)
  置信度权重: 0.65
  平均置信度: 0.5600 (std=0.2050)
  已更新样本: 7509

============================================================
Epoch 29 验证结果
============================================================
全局指标:
  Loss:      0.5363
  Accuracy:  75.29%
  AUC:       0.8324
  F1:        0.7325
  Precision: 0.8344
  Recall:    0.6528

按域统计:
  Doc            : Acc= 83.9%  AUC=0.926  (172/205)
  deepfake       : Acc= 64.6%  AUC=0.710  (128/198)
  AIGC           : Acc= 82.5%  AUC=0.898  (160/194)
  IMDL           : Acc= 69.8%  AUC=0.732  (134/192)
============================================================

[AdaptiveCurriculum] 置信度已更新: 样本数=7872, 平均置信度=0.5622, 标准差=0.2058

Epoch 29 总结:
  训练损失: 0.6489 | 训练准确率: 72.59%
  验证损失: 0.5363 | 验证准确率: 75.29%
  验证 AUC: 0.8324 | 验证 F1: 0.7325
  学习率: 0.000001
  ✓ 最佳模型已保存! (准确率: 75.29%, AUC: 0.8324)

[Curriculum-Adaptive] Epoch 30:
  数据量: 7877/8263 (95.3%)
  置信度权重: 0.67
  平均置信度: 0.5622 (std=0.2058)
  已更新样本: 7872

============================================================
Epoch 30 验证结果
============================================================
全局指标:
  Loss:      0.5331
  Accuracy:  75.03%
  AUC:       0.8291
  F1:        0.7356
  Precision: 0.8155
  Recall:    0.6699

按域统计:
  Doc            : Acc= 85.4%  AUC=0.928  (175/205)
  deepfake       : Acc= 63.1%  AUC=0.709  (125/198)
  AIGC           : Acc= 82.0%  AUC=0.897  (159/194)
  IMDL           : Acc= 69.3%  AUC=0.722  (133/192)
============================================================

[AdaptiveCurriculum] 置信度已更新: 样本数=7872, 平均置信度=0.5642, 标准差=0.2064

Epoch 30 总结:
  训练损失: 0.6638 | 训练准确率: 72.89%
  验证损失: 0.5331 | 验证准确率: 75.03%
  验证 AUC: 0.8291 | 验证 F1: 0.7356
  学习率: 0.000001

============================================================
🎉 训练完成!
最佳验证准确率: 75.29%
最佳验证 AUC: 0.8324
============================================================
