
============================================================
🚀 虚假图像检测训练（预提取特征版本）
============================================================
配置文件: /mnt/data3/zhiyu/ForensicArtifacts/config/reverse_curriculum_segformer.yaml
设备: cuda:0
分布式: True, World Size: 2

📦 加载特征数据集...

============================================================
初始化特征数据集: /mnt/data3/zhiyu/Data/small_openmmsec/train_medium_with_features.json
模式: 训练
============================================================

============================================================
初始化特征数据集: /mnt/data3/zhiyu/Data/small_openmmsec/train_medium_with_features.json
模式: 训练
============================================================

[验证统计]
  原始样本数: 8849
  有效样本数: 8263
  缺少字段: 0
  特征缺失: 0
  特征损坏: 586
  标签非法: 0
  缺少置信度: 0

[置信度分布]
  最小值: 0.1840
  最大值: 0.8152
  平均值: 0.4991
  标准差: 0.1256
  分位数: P25=0.3981 P50=0.5023 P75=0.6015 P90=0.6543 P95=0.7075 P99=0.7633 

============================================================
数据集统计
============================================================
总样本数: 8263

标签分布:
  Real: 4040 (48.89%)
  Fake: 4223 (51.11%)

域分布:
  deepfake: 2119
  AIGC: 2078
  Doc: 2062
  IMDL: 2004

置信度统计:
  范围: [0.1840, 0.8152]
  均值: 0.4991
  标准差: 0.1256

配置信息:
  训练模式: 是
  数据来源: 预提取特征 (.npz)
  支持课程学习: 是
============================================================


============================================================
初始化特征数据集: /mnt/data3/zhiyu/Data/small_openmmsec/val_medium_with_features.json
模式: 验证/测试
============================================================

[验证统计]
  原始样本数: 8849
  有效样本数: 8263
  缺少字段: 0
  特征缺失: 0
  特征损坏: 586
  标签非法: 0
  缺少置信度: 0

[置信度分布]
  最小值: 0.1840
  最大值: 0.8152
  平均值: 0.4991
  标准差: 0.1256
  分位数: P25=0.3981 P50=0.5023 P75=0.6015 P90=0.6543 P95=0.7075 P99=0.7633 

============================================================
数据集统计
============================================================
总样本数: 8263

标签分布:
  Real: 4040 (48.89%)
  Fake: 4223 (51.11%)

域分布:
  deepfake: 2119
  AIGC: 2078
  Doc: 2062
  IMDL: 2004

置信度统计:
  范围: [0.1840, 0.8152]
  均值: 0.4991
  标准差: 0.1256

配置信息:
  训练模式: 是
  数据来源: 预提取特征 (.npz)
  支持课程学习: 是
============================================================


============================================================
初始化特征数据集: /mnt/data3/zhiyu/Data/small_openmmsec/val_medium_with_features.json
模式: 验证/测试
============================================================

[验证统计]
  原始样本数: 1578
  有效样本数: 1578
  缺少字段: 0
  特征缺失: 0
  特征损坏: 0
  标签非法: 0
  缺少置信度: 1578

[置信度分布]
  最小值: 0.5000
  最大值: 0.5000
  平均值: 0.5000
  标准差: 0.0000
  分位数: P25=0.5000 P50=0.5000 P75=0.5000 P90=0.5000 P95=0.5000 P99=0.5000 

============================================================
数据集统计
============================================================
总样本数: 1578

标签分布:
  Real: 778 (49.30%)
  Fake: 800 (50.70%)

域分布:
  deepfake: 400
  AIGC: 400
  IMDL: 400
  Doc: 378

置信度统计:
  范围: [0.5000, 0.5000]
  均值: 0.5000
  标准差: 0.0000

配置信息:
  训练模式: 否
  数据来源: 预提取特征 (.npz)
  支持课程学习: 是
============================================================


[ReverseCurriculumManager] 初始化完成:
  总样本数: 8263
  调度策略: linear
  数据比例: 30% → 100%
  课程周期: 20 epochs
  预热周期: 3 epochs
  模式: 反向课程学习（从难到易）

 课程学习已启用 (类型: reverse)
训练集: 8263 样本
验证集: 1578 样本, 50 批次

特征形状:
  scene:   torch.Size([4, 512, 512])
  signal:  torch.Size([3, 512, 512])
  imaging: torch.Size([32, 512, 512])

 特征增强已启用

 初始化模型...

[验证统计]
  原始样本数: 1578
  有效样本数: 1578
  缺少字段: 0
  特征缺失: 0
  特征损坏: 0
  标签非法: 0
  缺少置信度: 1578

[置信度分布]
  最小值: 0.5000
  最大值: 0.5000
  平均值: 0.5000
  标准差: 0.0000
  分位数: P25=0.5000 P50=0.5000 P75=0.5000 P90=0.5000 P95=0.5000 P99=0.5000 

============================================================
数据集统计
============================================================
总样本数: 1578

标签分布:
  Real: 778 (49.30%)
  Fake: 800 (50.70%)

域分布:
  deepfake: 400
  AIGC: 400
  IMDL: 400
  Doc: 378

置信度统计:
  范围: [0.5000, 0.5000]
  均值: 0.5000
  标准差: 0.0000

配置信息:
  训练模式: 否
  数据来源: 预提取特征 (.npz)
  支持课程学习: 是
============================================================


[ReverseCurriculumManager] 初始化完成:
  总样本数: 8263
  调度策略: linear
  数据比例: 30% → 100%
  课程周期: 20 epochs
  预热周期: 3 epochs
  模式: 反向课程学习（从难到易）
  总参数量: 2,363,812

✅ 学习率调度: Warmup(3 epochs) + Cosine
✅ 梯度裁剪已启用: max_norm=1.0

============================================================
🏃 开始训练...
============================================================

[Curriculum-reverse] Epoch 1: 使用 2478/8263 样本 (30.0%), 置信度范围: [0.1840, 0.4150]
  当前训练批次数: 77

============================================================
Epoch 1 验证结果
============================================================
全局指标:
  Loss:      0.7445
  Accuracy:  56.40%
  AUC:       0.5729
  F1:        0.6660
  Precision: 0.5523
  Recall:    0.8386

按域统计:
  Doc            : Acc= 48.8%  AUC=0.523  (100/205)
  deepfake       : Acc= 56.1%  AUC=0.465  (111/198)
  AIGC           : Acc= 71.6%  AUC=0.757  (139/194)
  IMDL           : Acc= 49.5%  AUC=0.603  (95/192)
============================================================

[ReverseCurriculum] Epoch 1: ratio=30.0%, samples=2478/8263

Epoch 1 总结:
  训练损失: 0.6216 | 训练准确率: 77.35%
  验证损失: 0.7445 | 验证准确率: 56.40%
  验证 AUC: 0.5729 | 验证 F1: 0.6660
  学习率: 0.000067
  ✓ 最佳模型已保存! (准确率: 56.40%, AUC: 0.5729)

[Curriculum-reverse] Epoch 2: 使用 2478/8263 样本 (30.0%), 置信度范围: [0.1840, 0.4150]
  当前训练批次数: 77
[ReverseCurriculum] Epoch 1: ratio=30.0%, samples=2478/8263

============================================================
Epoch 2 验证结果
============================================================
全局指标:
  Loss:      1.1654
  Accuracy:  54.37%
  AUC:       0.5488
  F1:        0.5765
  Precision: 0.5556
  Recall:    0.5990

按域统计:
  Doc            : Acc= 36.1%  AUC=0.435  (74/205)
  deepfake       : Acc= 54.0%  AUC=0.487  (107/198)
  AIGC           : Acc= 71.1%  AUC=0.714  (138/194)
  IMDL           : Acc= 57.3%  AUC=0.570  (110/192)
============================================================

[ReverseCurriculum] Epoch 2: ratio=30.0%, samples=2478/8263

Epoch 2 总结:
  训练损失: 0.3700 | 训练准确率: 92.69%
  验证损失: 1.1654 | 验证准确率: 54.37%
  验证 AUC: 0.5488 | 验证 F1: 0.5765
  学习率: 0.000100

[Curriculum-reverse] Epoch 3: 使用 2478/8263 样本 (30.0%), 置信度范围: [0.1840, 0.4150]
  当前训练批次数: 77
[ReverseCurriculum] Epoch 2: ratio=30.0%, samples=2478/8263

============================================================
Epoch 3 验证结果
============================================================
全局指标:
  Loss:      1.5375
  Accuracy:  53.61%
  AUC:       0.5334
  F1:        0.5812
  Precision: 0.5462
  Recall:    0.6210

按域统计:
  Doc            : Acc= 33.7%  AUC=0.306  (69/205)
  deepfake       : Acc= 54.0%  AUC=0.499  (107/198)
  AIGC           : Acc= 71.1%  AUC=0.711  (138/194)
  IMDL           : Acc= 56.8%  AUC=0.585  (109/192)
============================================================

[ReverseCurriculum] Epoch 3: ratio=30.0%, samples=2478/8263

Epoch 3 总结:
  训练损失: 0.2365 | 训练准确率: 96.59%
  验证损失: 1.5375 | 验证准确率: 53.61%
  验证 AUC: 0.5334 | 验证 F1: 0.5812
  学习率: 0.000100

[Curriculum-reverse] Epoch 4: 使用 2478/8263 样本 (30.0%), 置信度范围: [0.1840, 0.4150]
  当前训练批次数: 77
[ReverseCurriculum] Epoch 3: ratio=30.0%, samples=2478/8263
[ReverseCurriculum] Epoch 4: ratio=34.1%, samples=2819/8263

============================================================
Epoch 4 验证结果
============================================================
全局指标:
  Loss:      1.8671
  Accuracy:  51.84%
  AUC:       0.5441
  F1:        0.6050
  Precision: 0.5262
  Recall:    0.7115

按域统计:
  Doc            : Acc= 33.7%  AUC=0.337  (69/205)
  deepfake       : Acc= 54.5%  AUC=0.507  (108/198)
  AIGC           : Acc= 68.0%  AUC=0.757  (132/194)
  IMDL           : Acc= 52.1%  AUC=0.608  (100/192)
============================================================

[ReverseCurriculum] Epoch 4: ratio=34.1%, samples=2819/8263

Epoch 4 总结:
  训练损失: 0.2096 | 训练准确率: 97.32%
  验证损失: 1.8671 | 验证准确率: 51.84%
  验证 AUC: 0.5441 | 验证 F1: 0.6050
  学习率: 0.000100

[Curriculum-reverse] Epoch 5: 使用 2819/8263 样本 (34.1%), 置信度范围: [0.1840, 0.4331]
  当前训练批次数: 88

============================================================
Epoch 5 验证结果
============================================================
全局指标:
  Loss:      1.7765
  Accuracy:  53.61%
  AUC:       0.5404
  F1:        0.5783
  Precision: 0.5468
  Recall:    0.6137

按域统计:
  Doc            : Acc= 34.6%  AUC=0.415  (71/205)
  deepfake       : Acc= 54.5%  AUC=0.489  (108/198)
  AIGC           : Acc= 70.1%  AUC=0.707  (136/194)
  IMDL           : Acc= 56.2%  AUC=0.580  (108/192)
============================================================

[ReverseCurriculum] Epoch 5: ratio=38.2%, samples=3159/8263

Epoch 5 总结:
  训练损失: 0.2529 | 训练准确率: 94.89%
  验证损失: 1.7765 | 验证准确率: 53.61%
  验证 AUC: 0.5404 | 验证 F1: 0.5783
  学习率: 0.000099

[Curriculum-reverse] Epoch 6: 使用 3159/8263 样本 (38.2%), 置信度范围: [0.1840, 0.4499]
  当前训练批次数: 98
[ReverseCurriculum] Epoch 5: ratio=38.2%, samples=3159/8263

============================================================
Epoch 6 验证结果
============================================================
全局指标:
  Loss:      1.7049
  Accuracy:  52.72%
  AUC:       0.5426
  F1:        0.5224
  Precision: 0.5484
  Recall:    0.4988

按域统计:
  Doc            : Acc= 37.6%  AUC=0.477  (77/205)
  deepfake       : Acc= 55.6%  AUC=0.529  (110/198)
  AIGC           : Acc= 66.5%  AUC=0.717  (129/194)
  IMDL           : Acc= 52.1%  AUC=0.539  (100/192)
============================================================

[ReverseCurriculum] Epoch 6: ratio=42.4%, samples=3499/8263

Epoch 6 总结:
  训练损失: 0.2458 | 训练准确率: 95.09%
  验证损失: 1.7049 | 验证准确率: 52.72%
  验证 AUC: 0.5426 | 验证 F1: 0.5224
  学习率: 0.000097

[Curriculum-reverse] Epoch 7: 使用 3499/8263 样本 (42.4%), 置信度范围: [0.1840, 0.4686]
  当前训练批次数: 109
[ReverseCurriculum] Epoch 6: ratio=42.4%, samples=3499/8263

============================================================
Epoch 7 验证结果
============================================================
全局指标:
  Loss:      1.7840
  Accuracy:  52.98%
  AUC:       0.5719
  F1:        0.5721
  Precision: 0.5415
  Recall:    0.6064

按域统计:
  Doc            : Acc= 35.1%  AUC=0.504  (72/205)
  deepfake       : Acc= 54.5%  AUC=0.581  (108/198)
  AIGC           : Acc= 70.1%  AUC=0.764  (136/194)
  IMDL           : Acc= 53.1%  AUC=0.548  (102/192)
============================================================

[ReverseCurriculum] Epoch 7: ratio=46.5%, samples=3839/8263

Epoch 7 总结:
  训练损失: 0.2813 | 训练准确率: 93.23%
  验证损失: 1.7840 | 验证准确率: 52.98%
  验证 AUC: 0.5719 | 验证 F1: 0.5721
  学习率: 0.000095

[Curriculum-reverse] Epoch 8: 使用 3839/8263 样本 (46.5%), 置信度范围: [0.1840, 0.4862]
  当前训练批次数: 120
[ReverseCurriculum] Epoch 7: ratio=46.5%, samples=3839/8263

============================================================
Epoch 8 验证结果
============================================================
全局指标:
  Loss:      1.7424
  Accuracy:  52.98%
  AUC:       0.5524
  F1:        0.5345
  Precision: 0.5490
  Recall:    0.5208

按域统计:
  Doc            : Acc= 34.6%  AUC=0.450  (71/205)
  deepfake       : Acc= 56.6%  AUC=0.570  (112/198)
  AIGC           : Acc= 67.5%  AUC=0.716  (131/194)
  IMDL           : Acc= 54.2%  AUC=0.551  (104/192)
============================================================

[ReverseCurriculum] Epoch 8: ratio=50.6%, samples=4180/8263

Epoch 8 总结:
  训练损失: 0.3386 | 训练准确率: 91.25%
  验证损失: 1.7424 | 验证准确率: 52.98%
  验证 AUC: 0.5524 | 验证 F1: 0.5345
  学习率: 0.000092

[Curriculum-reverse] Epoch 9: 使用 4180/8263 样本 (50.6%), 置信度范围: [0.1840, 0.5046]
  当前训练批次数: 130
[ReverseCurriculum] Epoch 8: ratio=50.6%, samples=4180/8263

============================================================
Epoch 9 验证结果
============================================================
全局指标:
  Loss:      1.5761
  Accuracy:  52.60%
  AUC:       0.5794
  F1:        0.5558
  Precision: 0.5404
  Recall:    0.5721

按域统计:
  Doc            : Acc= 34.6%  AUC=0.523  (71/205)
  deepfake       : Acc= 54.5%  AUC=0.597  (108/198)
  AIGC           : Acc= 70.6%  AUC=0.755  (137/194)
  IMDL           : Acc= 51.6%  AUC=0.587  (99/192)
============================================================

[ReverseCurriculum] Epoch 9: ratio=54.7%, samples=4520/8263

Epoch 9 总结:
  训练损失: 0.3702 | 训练准确率: 89.62%
  验证损失: 1.5761 | 验证准确率: 52.60%
  验证 AUC: 0.5794 | 验证 F1: 0.5558
  学习率: 0.000088

[Curriculum-reverse] Epoch 10: 使用 4520/8263 样本 (54.7%), 置信度范围: [0.1840, 0.5225]
  当前训练批次数: 141
[ReverseCurriculum] Epoch 9: ratio=54.7%, samples=4520/8263

============================================================
Epoch 10 验证结果
============================================================
全局指标:
  Loss:      1.2364
  Accuracy:  55.51%
  AUC:       0.5851
  F1:        0.5640
  Precision: 0.5732
  Recall:    0.5550

按域统计:
  Doc            : Acc= 37.6%  AUC=0.560  (77/205)
  deepfake       : Acc= 56.6%  AUC=0.582  (112/198)
  AIGC           : Acc= 67.5%  AUC=0.733  (131/194)
  IMDL           : Acc= 61.5%  AUC=0.618  (118/192)
============================================================

[ReverseCurriculum] Epoch 10: ratio=58.8%, samples=4860/8263

Epoch 10 总结:
  训练损失: 0.4069 | 训练准确率: 86.92%
  验证损失: 1.2364 | 验证准确率: 55.51%
  验证 AUC: 0.5851 | 验证 F1: 0.5640
  学习率: 0.000084

[Curriculum-reverse] Epoch 11: 使用 4860/8263 样本 (58.8%), 置信度范围: [0.1840, 0.5394]
  当前训练批次数: 151
[ReverseCurriculum] Epoch 10: ratio=58.8%, samples=4860/8263

============================================================
Epoch 11 验证结果
============================================================
全局指标:
  Loss:      1.0223
  Accuracy:  58.68%
  AUC:       0.6585
  F1:        0.6449
  Precision: 0.5815
  Recall:    0.7237

按域统计:
  Doc            : Acc= 48.8%  AUC=0.618  (100/205)
  deepfake       : Acc= 56.1%  AUC=0.664  (111/198)
  AIGC           : Acc= 74.7%  AUC=0.824  (145/194)
  IMDL           : Acc= 55.7%  AUC=0.655  (107/192)
============================================================

[ReverseCurriculum] Epoch 11: ratio=62.9%, samples=5200/8263

Epoch 11 总结:
  训练损失: 0.4369 | 训练准确率: 84.73%
  验证损失: 1.0223 | 验证准确率: 58.68%
  验证 AUC: 0.6585 | 验证 F1: 0.6449
  学习率: 0.000080
  ✓ 最佳模型已保存! (准确率: 58.68%, AUC: 0.6585)

[Curriculum-reverse] Epoch 12: 使用 5200/8263 样本 (62.9%), 置信度范围: [0.1840, 0.5586]
  当前训练批次数: 162
[ReverseCurriculum] Epoch 11: ratio=62.9%, samples=5200/8263

============================================================
Epoch 12 验证结果
============================================================
全局指标:
  Loss:      1.0386
  Accuracy:  59.19%
  AUC:       0.6378
  F1:        0.6247
  Precision: 0.5969
  Recall:    0.6553

按域统计:
  Doc            : Acc= 44.9%  AUC=0.612  (92/205)
  deepfake       : Acc= 55.6%  AUC=0.624  (110/198)
  AIGC           : Acc= 73.7%  AUC=0.794  (143/194)
  IMDL           : Acc= 63.5%  AUC=0.657  (122/192)
============================================================

[ReverseCurriculum] Epoch 12: ratio=67.1%, samples=5541/8263

Epoch 12 总结:
  训练损失: 0.4950 | 训练准确率: 82.02%
  验证损失: 1.0386 | 验证准确率: 59.19%
  验证 AUC: 0.6378 | 验证 F1: 0.6247
  学习率: 0.000075
[ReverseCurriculum] Epoch 12: ratio=67.1%, samples=5541/8263
  ✓ 最佳模型已保存! (准确率: 59.19%, AUC: 0.6378)

[Curriculum-reverse] Epoch 13: 使用 5541/8263 样本 (67.1%), 置信度范围: [0.1840, 0.5768]
  当前训练批次数: 173

============================================================
Epoch 13 验证结果
============================================================
全局指标:
  Loss:      0.9947
  Accuracy:  61.72%
  AUC:       0.6828
  F1:        0.6814
  Precision: 0.5993
  Recall:    0.7897

按域统计:
  Doc            : Acc= 54.6%  AUC=0.667  (112/205)
  deepfake       : Acc= 58.1%  AUC=0.657  (115/198)
  AIGC           : Acc= 75.8%  AUC=0.847  (147/194)
  IMDL           : Acc= 58.9%  AUC=0.680  (113/192)
============================================================

[ReverseCurriculum] Epoch 13: ratio=71.2%, samples=5881/8263

Epoch 13 总结:
  训练损失: 0.5205 | 训练准确率: 79.15%
  验证损失: 0.9947 | 验证准确率: 61.72%
  验证 AUC: 0.6828 | 验证 F1: 0.6814
  学习率: 0.000070
  ✓ 最佳模型已保存! (准确率: 61.72%, AUC: 0.6828)

[Curriculum-reverse] Epoch 14: 使用 5881/8263 样本 (71.2%), 置信度范围: [0.1840, 0.5932]
  当前训练批次数: 183
[ReverseCurriculum] Epoch 13: ratio=71.2%, samples=5881/8263

============================================================
Epoch 14 验证结果
============================================================
全局指标:
  Loss:      0.7006
  Accuracy:  66.92%
  AUC:       0.7326
  F1:        0.7037
  Precision: 0.6568
  Recall:    0.7579

按域统计:
  Doc            : Acc= 63.9%  AUC=0.746  (131/205)
  deepfake       : Acc= 57.6%  AUC=0.643  (114/198)
  AIGC           : Acc= 80.4%  AUC=0.866  (156/194)
  IMDL           : Acc= 66.1%  AUC=0.696  (127/192)
============================================================

[ReverseCurriculum] Epoch 14: ratio=75.3%, samples=6221/8263

Epoch 14 总结:
  训练损失: 0.5766 | 训练准确率: 75.58%
  验证损失: 0.7006 | 验证准确率: 66.92%
  验证 AUC: 0.7326 | 验证 F1: 0.7037
  学习率: 0.000065
  ✓ 最佳模型已保存! (准确率: 66.92%, AUC: 0.7326)

[Curriculum-reverse] Epoch 15: 使用 6221/8263 样本 (75.3%), 置信度范围: [0.1840, 0.6018]
  当前训练批次数: 194
[ReverseCurriculum] Epoch 14: ratio=75.3%, samples=6221/8263

============================================================
Epoch 15 验证结果
============================================================
全局指标:
  Loss:      0.6291
  Accuracy:  69.07%
  AUC:       0.7650
  F1:        0.7116
  Precision: 0.6888
  Recall:    0.7359

按域统计:
  Doc            : Acc= 70.2%  AUC=0.793  (144/205)
  deepfake       : Acc= 59.1%  AUC=0.676  (117/198)
  AIGC           : Acc= 79.9%  AUC=0.865  (155/194)
  IMDL           : Acc= 67.2%  AUC=0.725  (129/192)
============================================================

[ReverseCurriculum] Epoch 15: ratio=79.4%, samples=6561/8263

Epoch 15 总结:
  训练损失: 0.5730 | 训练准确率: 75.74%
  验证损失: 0.6291 | 验证准确率: 69.07%
  验证 AUC: 0.7650 | 验证 F1: 0.7116
  学习率: 0.000059
  ✓ 最佳模型已保存! (准确率: 69.07%, AUC: 0.7650)

[Curriculum-reverse] Epoch 16: 使用 6561/8263 样本 (79.4%), 置信度范围: [0.1840, 0.6062]
  当前训练批次数: 205
[ReverseCurriculum] Epoch 15: ratio=79.4%, samples=6561/8263
[ReverseCurriculum] Epoch 16: ratio=83.5%, samples=6902/8263

============================================================
Epoch 16 验证结果
============================================================
全局指标:
  Loss:      0.6496
  Accuracy:  69.58%
  AUC:       0.7618
  F1:        0.7101
  Precision: 0.7017
  Recall:    0.7188

按域统计:
  Doc            : Acc= 71.7%  AUC=0.816  (147/205)
  deepfake       : Acc= 59.1%  AUC=0.642  (117/198)
  AIGC           : Acc= 79.4%  AUC=0.849  (154/194)
  IMDL           : Acc= 68.2%  AUC=0.726  (131/192)
============================================================

[ReverseCurriculum] Epoch 16: ratio=83.5%, samples=6902/8263

Epoch 16 总结:
  训练损失: 0.5730 | 训练准确率: 75.70%
  验证损失: 0.6496 | 验证准确率: 69.58%
  验证 AUC: 0.7618 | 验证 F1: 0.7101
  学习率: 0.000053
  ✓ 最佳模型已保存! (准确率: 69.58%, AUC: 0.7618)

[Curriculum-reverse] Epoch 17: 使用 6902/8263 样本 (83.5%), 置信度范围: [0.1840, 0.6103]
  当前训练批次数: 215

============================================================
Epoch 17 验证结果
============================================================
全局指标:
  Loss:      0.6110
  Accuracy:  70.98%
  AUC:       0.7843
  F1:        0.7418
  Precision: 0.6883
  Recall:    0.8044

按域统计:
  Doc            : Acc= 74.6%  AUC=0.858  (153/205)
  deepfake       : Acc= 61.1%  AUC=0.659  (121/198)
  AIGC           : Acc= 80.4%  AUC=0.855  (156/194)
  IMDL           : Acc= 67.7%  AUC=0.734  (130/192)
============================================================

[ReverseCurriculum] Epoch 17: ratio=87.6%, samples=7242/8263

Epoch 17 总结:
  训练损失: 0.5679 | 训练准确率: 76.16%
  验证损失: 0.6110 | 验证准确率: 70.98%
  验证 AUC: 0.7843 | 验证 F1: 0.7418
  学习率: 0.000048
  ✓ 最佳模型已保存! (准确率: 70.98%, AUC: 0.7843)

[Curriculum-reverse] Epoch 18: 使用 7242/8263 样本 (87.6%), 置信度范围: [0.1840, 0.6348]
  当前训练批次数: 226
[ReverseCurriculum] Epoch 17: ratio=87.6%, samples=7242/8263
[ReverseCurriculum] Epoch 18: ratio=91.8%, samples=7582/8263

============================================================
Epoch 18 验证结果
============================================================
全局指标:
  Loss:      0.6305
  Accuracy:  71.48%
  AUC:       0.8008
  F1:        0.7552
  Precision: 0.6804
  Recall:    0.8484

按域统计:
  Doc            : Acc= 75.6%  AUC=0.868  (155/205)
  deepfake       : Acc= 60.6%  AUC=0.674  (120/198)
  AIGC           : Acc= 83.5%  AUC=0.872  (162/194)
  IMDL           : Acc= 66.1%  AUC=0.745  (127/192)
============================================================

[ReverseCurriculum] Epoch 18: ratio=91.8%, samples=7582/8263

Epoch 18 总结:
  训练损失: 0.5862 | 训练准确率: 75.36%
  验证损失: 0.6305 | 验证准确率: 71.48%
  验证 AUC: 0.8008 | 验证 F1: 0.7552
  学习率: 0.000042
  ✓ 最佳模型已保存! (准确率: 71.48%, AUC: 0.8008)

[Curriculum-reverse] Epoch 19: 使用 7582/8263 样本 (91.8%), 置信度范围: [0.1840, 0.6731]
  当前训练批次数: 236

============================================================
Epoch 19 验证结果
============================================================
全局指标:
  Loss:      0.5476
  Accuracy:  75.67%
  AUC:       0.8242
  F1:        0.7741
  Precision: 0.7460
  Recall:    0.8044

按域统计:
  Doc            : Acc= 83.9%  AUC=0.900  (172/205)
  deepfake       : Acc= 63.6%  AUC=0.694  (126/198)
  AIGC           : Acc= 85.1%  AUC=0.897  (165/194)
  IMDL           : Acc= 69.8%  AUC=0.756  (134/192)
============================================================

[ReverseCurriculum] Epoch 19: ratio=95.9%, samples=7922/8263

Epoch 19 总结:
  训练损失: 0.6263 | 训练准确率: 72.70%
  验证损失: 0.5476 | 验证准确率: 75.67%
  验证 AUC: 0.8242 | 验证 F1: 0.7741
  学习率: 0.000036
  ✓ 最佳模型已保存! (准确率: 75.67%, AUC: 0.8242)

[Curriculum-reverse] Epoch 20: 使用 7922/8263 样本 (95.9%), 置信度范围: [0.1840, 0.7152]
  当前训练批次数: 247
[ReverseCurriculum] Epoch 19: ratio=95.9%, samples=7922/8263

============================================================
Epoch 20 验证结果
============================================================
全局指标:
  Loss:      0.4999
  Accuracy:  75.16%
  AUC:       0.8393
  F1:        0.7700
  Precision: 0.7404
  Recall:    0.8020

按域统计:
  Doc            : Acc= 82.4%  AUC=0.902  (169/205)
  deepfake       : Acc= 64.1%  AUC=0.725  (127/198)
  AIGC           : Acc= 81.4%  AUC=0.906  (158/194)
  IMDL           : Acc= 72.4%  AUC=0.778  (139/192)
============================================================

[ReverseCurriculum] Epoch 20: ratio=100.0%, samples=8263/8263

Epoch 20 总结:
  训练损失: 0.6174 | 训练准确率: 72.77%
  验证损失: 0.4999 | 验证准确率: 75.16%
  验证 AUC: 0.8393 | 验证 F1: 0.7700
  学习率: 0.000031

[Curriculum-reverse] Epoch 21: 使用 8263/8263 样本 (100.0%), 置信度范围: [0.1840, 0.8152]
  当前训练批次数: 258
[ReverseCurriculum] Epoch 20: ratio=100.0%, samples=8263/8263

============================================================
Epoch 21 验证结果
============================================================
全局指标:
  Loss:      0.4580
  Accuracy:  77.06%
  AUC:       0.8601
  F1:        0.7615
  Precision: 0.8257
  Recall:    0.7066

按域统计:
  Doc            : Acc= 82.0%  AUC=0.918  (168/205)
  deepfake       : Acc= 67.7%  AUC=0.742  (134/198)
  AIGC           : Acc= 85.1%  AUC=0.931  (165/194)
  IMDL           : Acc= 73.4%  AUC=0.793  (141/192)
============================================================

[ReverseCurriculum] Epoch 21: ratio=100.0%, samples=8263/8263

Epoch 21 总结:
  训练损失: 0.6201 | 训练准确率: 72.80%
  验证损失: 0.4580 | 验证准确率: 77.06%
  验证 AUC: 0.8601 | 验证 F1: 0.7615
  学习率: 0.000026
  ✓ 最佳模型已保存! (准确率: 77.06%, AUC: 0.8601)

[Curriculum-reverse] Epoch 22: 使用 8263/8263 样本 (100.0%), 置信度范围: [0.1840, 0.8152]
  当前训练批次数: 258
[ReverseCurriculum] Epoch 21: ratio=100.0%, samples=8263/8263

============================================================
Epoch 22 验证结果
============================================================
全局指标:
  Loss:      0.4480
  Accuracy:  78.20%
  AUC:       0.8686
  F1:        0.7707
  Precision: 0.8475
  Recall:    0.7066

按域统计:
  Doc            : Acc= 86.3%  AUC=0.926  (177/205)
  deepfake       : Acc= 67.7%  AUC=0.749  (134/198)
  AIGC           : Acc= 85.1%  AUC=0.939  (165/194)
  IMDL           : Acc= 73.4%  AUC=0.798  (141/192)
============================================================

[ReverseCurriculum] Epoch 22: ratio=100.0%, samples=8263/8263

Epoch 22 总结:
  训练损失: 0.6203 | 训练准确率: 72.36%
  验证损失: 0.4480 | 验证准确率: 78.20%
  验证 AUC: 0.8686 | 验证 F1: 0.7707
  学习率: 0.000021
  ✓ 最佳模型已保存! (准确率: 78.20%, AUC: 0.8686)

[Curriculum-reverse] Epoch 23: 使用 8263/8263 样本 (100.0%), 置信度范围: [0.1840, 0.8152]
  当前训练批次数: 258
[ReverseCurriculum] Epoch 22: ratio=100.0%, samples=8263/8263

============================================================
Epoch 23 验证结果
============================================================
全局指标:
  Loss:      0.4442
  Accuracy:  78.58%
  AUC:       0.8710
  F1:        0.7701
  Precision: 0.8681
  Recall:    0.6919

按域统计:
  Doc            : Acc= 83.9%  AUC=0.919  (172/205)
  deepfake       : Acc= 68.7%  AUC=0.741  (136/198)
  AIGC           : Acc= 86.6%  AUC=0.943  (168/194)
  IMDL           : Acc= 75.0%  AUC=0.820  (144/192)
============================================================

[ReverseCurriculum] Epoch 23: ratio=100.0%, samples=8263/8263

Epoch 23 总结:
  训练损失: 0.6147 | 训练准确率: 73.23%
  验证损失: 0.4442 | 验证准确率: 78.58%
  验证 AUC: 0.8710 | 验证 F1: 0.7701
  学习率: 0.000017
  ✓ 最佳模型已保存! (准确率: 78.58%, AUC: 0.8710)

[Curriculum-reverse] Epoch 24: 使用 8263/8263 样本 (100.0%), 置信度范围: [0.1840, 0.8152]
  当前训练批次数: 258
[ReverseCurriculum] Epoch 23: ratio=100.0%, samples=8263/8263
[ReverseCurriculum] Epoch 24: ratio=100.0%, samples=8263/8263

============================================================
Epoch 24 验证结果
============================================================
全局指标:
  Loss:      0.4420
  Accuracy:  79.59%
  AUC:       0.8724
  F1:        0.7827
  Precision: 0.8735
  Recall:    0.7090

按域统计:
  Doc            : Acc= 86.8%  AUC=0.934  (178/205)
  deepfake       : Acc= 69.2%  AUC=0.743  (137/198)
  AIGC           : Acc= 87.6%  AUC=0.946  (170/194)
  IMDL           : Acc= 74.5%  AUC=0.811  (143/192)
============================================================

[ReverseCurriculum] Epoch 24: ratio=100.0%, samples=8263/8263

Epoch 24 总结:
  训练损失: 0.6014 | 训练准确率: 73.91%
  验证损失: 0.4420 | 验证准确率: 79.59%
  验证 AUC: 0.8724 | 验证 F1: 0.7827
  学习率: 0.000013
  ✓ 最佳模型已保存! (准确率: 79.59%, AUC: 0.8724)

[Curriculum-reverse] Epoch 25: 使用 8263/8263 样本 (100.0%), 置信度范围: [0.1840, 0.8152]
  当前训练批次数: 258

============================================================
Epoch 25 验证结果
============================================================
全局指标:
  Loss:      0.4373
  Accuracy:  79.85%
  AUC:       0.8734
  F1:        0.7877
  Precision: 0.8676
  Recall:    0.7213

按域统计:
  Doc            : Acc= 86.3%  AUC=0.935  (177/205)
  deepfake       : Acc= 68.2%  AUC=0.736  (135/198)
  AIGC           : Acc= 87.6%  AUC=0.937  (170/194)
  IMDL           : Acc= 77.1%  AUC=0.822  (148/192)
============================================================

[ReverseCurriculum] Epoch 25: ratio=100.0%, samples=8263/8263

Epoch 25 总结:
  训练损失: 0.6032 | 训练准确率: 74.69%
  验证损失: 0.4373 | 验证准确率: 79.85%
  验证 AUC: 0.8734 | 验证 F1: 0.7877
  学习率: 0.000009
  ✓ 最佳模型已保存! (准确率: 79.85%, AUC: 0.8734)

[Curriculum-reverse] Epoch 26: 使用 8263/8263 样本 (100.0%), 置信度范围: [0.1840, 0.8152]
  当前训练批次数: 258
[ReverseCurriculum] Epoch 25: ratio=100.0%, samples=8263/8263

============================================================
Epoch 26 验证结果
============================================================
全局指标:
  Loss:      0.4342
  Accuracy:  79.47%
  AUC:       0.8749
  F1:        0.7885
  Precision: 0.8459
  Recall:    0.7384

按域统计:
  Doc            : Acc= 87.8%  AUC=0.932  (180/205)
  deepfake       : Acc= 67.7%  AUC=0.747  (134/198)
  AIGC           : Acc= 87.1%  AUC=0.947  (169/194)
  IMDL           : Acc= 75.0%  AUC=0.807  (144/192)
============================================================

[ReverseCurriculum] Epoch 26: ratio=100.0%, samples=8263/8263

Epoch 26 总结:
  训练损失: 0.6088 | 训练准确率: 74.10%
  验证损失: 0.4342 | 验证准确率: 79.47%
  验证 AUC: 0.8749 | 验证 F1: 0.7885
  学习率: 0.000006

[Curriculum-reverse] Epoch 27: 使用 8263/8263 样本 (100.0%), 置信度范围: [0.1840, 0.8152]
  当前训练批次数: 258
[ReverseCurriculum] Epoch 26: ratio=100.0%, samples=8263/8263
[ReverseCurriculum] Epoch 27: ratio=100.0%, samples=8263/8263

============================================================
Epoch 27 验证结果
============================================================
全局指标:
  Loss:      0.4322
  Accuracy:  79.59%
  AUC:       0.8757
  F1:        0.7923
  Precision: 0.8388
  Recall:    0.7506

按域统计:
  Doc            : Acc= 87.3%  AUC=0.936  (179/205)
  deepfake       : Acc= 68.2%  AUC=0.745  (135/198)
  AIGC           : Acc= 86.6%  AUC=0.943  (168/194)
  IMDL           : Acc= 76.0%  AUC=0.811  (146/192)
============================================================

[ReverseCurriculum] Epoch 27: ratio=100.0%, samples=8263/8263

Epoch 27 总结:
  训练损失: 0.6110 | 训练准确率: 74.30%
  验证损失: 0.4322 | 验证准确率: 79.59%
  验证 AUC: 0.8757 | 验证 F1: 0.7923
  学习率: 0.000004

[Curriculum-reverse] Epoch 28: 使用 8263/8263 样本 (100.0%), 置信度范围: [0.1840, 0.8152]
  当前训练批次数: 258

============================================================
Epoch 28 验证结果
============================================================
全局指标:
  Loss:      0.4349
  Accuracy:  79.59%
  AUC:       0.8776
  F1:        0.7845
  Precision: 0.8669
  Recall:    0.7164

按域统计:
  Doc            : Acc= 87.8%  AUC=0.937  (180/205)
  deepfake       : Acc= 69.2%  AUC=0.746  (137/198)
  AIGC           : Acc= 87.6%  AUC=0.942  (170/194)
  IMDL           : Acc= 73.4%  AUC=0.813  (141/192)
============================================================

[ReverseCurriculum] Epoch 28: ratio=100.0%, samples=8263/8263

Epoch 28 总结:
  训练损失: 0.5965 | 训练准确率: 74.22%
  验证损失: 0.4349 | 验证准确率: 79.59%
  验证 AUC: 0.8776 | 验证 F1: 0.7845
  学习率: 0.000002

[Curriculum-reverse] Epoch 29: 使用 8263/8263 样本 (100.0%), 置信度范围: [0.1840, 0.8152]
  当前训练批次数: 258
[ReverseCurriculum] Epoch 28: ratio=100.0%, samples=8263/8263

============================================================
Epoch 29 验证结果
============================================================
全局指标:
  Loss:      0.4361
  Accuracy:  79.09%
  AUC:       0.8753
  F1:        0.7914
  Precision: 0.8194
  Recall:    0.7653

按域统计:
  Doc            : Acc= 87.3%  AUC=0.937  (179/205)
  deepfake       : Acc= 65.2%  AUC=0.742  (129/198)
  AIGC           : Acc= 87.1%  AUC=0.944  (169/194)
  IMDL           : Acc= 76.6%  AUC=0.810  (147/192)
============================================================

[ReverseCurriculum] Epoch 29: ratio=100.0%, samples=8263/8263

Epoch 29 总结:
  训练损失: 0.5956 | 训练准确率: 74.64%
  验证损失: 0.4361 | 验证准确率: 79.09%
  验证 AUC: 0.8753 | 验证 F1: 0.7914
  学习率: 0.000001

[Curriculum-reverse] Epoch 30: 使用 8263/8263 样本 (100.0%), 置信度范围: [0.1840, 0.8152]
  当前训练批次数: 258
[ReverseCurriculum] Epoch 29: ratio=100.0%, samples=8263/8263

============================================================
Epoch 30 验证结果
============================================================
全局指标:
  Loss:      0.4305
  Accuracy:  79.97%
  AUC:       0.8765
  F1:        0.7905
  Precision: 0.8638
  Recall:    0.7286

按域统计:
  Doc            : Acc= 87.8%  AUC=0.939  (180/205)
  deepfake       : Acc= 69.2%  AUC=0.743  (137/198)
  AIGC           : Acc= 88.1%  AUC=0.945  (171/194)
  IMDL           : Acc= 74.5%  AUC=0.812  (143/192)
============================================================

[ReverseCurriculum] Epoch 30: ratio=100.0%, samples=8263/8263

Epoch 30 总结:
  训练损失: 0.6026 | 训练准确率: 74.42%
  验证损失: 0.4305 | 验证准确率: 79.97%
  验证 AUC: 0.8765 | 验证 F1: 0.7905
  学习率: 0.000001
  ✓ 最佳模型已保存! (准确率: 79.97%, AUC: 0.8765)
[ReverseCurriculum] Epoch 30: ratio=100.0%, samples=8263/8263

============================================================
🎉 训练完成!
最佳验证准确率: 79.97%
最佳验证 AUC: 0.8765
============================================================
