
============================================================
初始化特征数据集: /mnt/data3/zhiyu/Data/small_openmmsec/train_medium_with_features.json
模式: 训练
============================================================

============================================================
🚀 虚假图像检测训练（预提取特征版本）
============================================================
配置文件: /mnt/data3/zhiyu/ForensicArtifacts/config/static_curriculum_segformer.yaml
设备: cuda:0
分布式: True, World Size: 2

📦 加载特征数据集...

============================================================
初始化特征数据集: /mnt/data3/zhiyu/Data/small_openmmsec/train_medium_with_features.json
模式: 训练
============================================================

[验证统计]
  原始样本数: 8849
  有效样本数: 8263
  缺少字段: 0
  特征缺失: 0
  特征损坏: 586
  标签非法: 0
  缺少置信度: 0

[置信度分布]
  最小值: 0.1840
  最大值: 0.8152
  平均值: 0.4991
  标准差: 0.1256
  分位数: P25=0.3981 P50=0.5023 P75=0.6015 P90=0.6543 P95=0.7075 P99=0.7633 

============================================================
数据集统计
============================================================
总样本数: 8263

标签分布:
  Real: 4040 (48.89%)
  Fake: 4223 (51.11%)

域分布:
  deepfake: 2119
  AIGC: 2078
  Doc: 2062
  IMDL: 2004

置信度统计:
  范围: [0.1840, 0.8152]
  均值: 0.4991
  标准差: 0.1256

配置信息:
  训练模式: 是
  数据来源: 预提取特征 (.npz)
  支持课程学习: 是
============================================================


============================================================
初始化特征数据集: /mnt/data3/zhiyu/Data/small_openmmsec/val_medium_with_features.json
模式: 验证/测试
============================================================

[验证统计]
  原始样本数: 8849
  有效样本数: 8263
  缺少字段: 0
  特征缺失: 0
  特征损坏: 586
  标签非法: 0
  缺少置信度: 0

[置信度分布]
  最小值: 0.1840
  最大值: 0.8152
  平均值: 0.4991
  标准差: 0.1256
  分位数: P25=0.3981 P50=0.5023 P75=0.6015 P90=0.6543 P95=0.7075 P99=0.7633 

============================================================
数据集统计
============================================================
总样本数: 8263

标签分布:
  Real: 4040 (48.89%)
  Fake: 4223 (51.11%)

域分布:
  deepfake: 2119
  AIGC: 2078
  Doc: 2062
  IMDL: 2004

置信度统计:
  范围: [0.1840, 0.8152]
  均值: 0.4991
  标准差: 0.1256

配置信息:
  训练模式: 是
  数据来源: 预提取特征 (.npz)
  支持课程学习: 是
============================================================


============================================================
初始化特征数据集: /mnt/data3/zhiyu/Data/small_openmmsec/val_medium_with_features.json
模式: 验证/测试
============================================================

[验证统计]
  原始样本数: 1578
  有效样本数: 1578
  缺少字段: 0
  特征缺失: 0
  特征损坏: 0
  标签非法: 0
  缺少置信度: 1578

[置信度分布]
  最小值: 0.5000
  最大值: 0.5000
  平均值: 0.5000
  标准差: 0.0000
  分位数: P25=0.5000 P50=0.5000 P75=0.5000 P90=0.5000 P95=0.5000 P99=0.5000 

============================================================
数据集统计
============================================================
总样本数: 1578

标签分布:
  Real: 778 (49.30%)
  Fake: 800 (50.70%)

域分布:
  deepfake: 400
  AIGC: 400
  IMDL: 400
  Doc: 378

置信度统计:
  范围: [0.5000, 0.5000]
  均值: 0.5000
  标准差: 0.0000

配置信息:
  训练模式: 否
  数据来源: 预提取特征 (.npz)
  支持课程学习: 是
============================================================


📚 启用静态课程学习...

[CurriculumManager] 初始化完成:
  总样本数: 8263
  调度策略: linear
  数据比例: 30% → 100%
  课程周期: 20 epochs
  预热周期: 2 epochs
训练集: 8263 样本
验证集: 1578 样本, 50 批次

特征形状:
  scene:   torch.Size([4, 512, 512])
  signal:  torch.Size([3, 512, 512])
  imaging: torch.Size([32, 512, 512])

✅ 特征增强已启用

🏗️ 初始化模型...

[验证统计]
  原始样本数: 1578
  有效样本数: 1578
  缺少字段: 0
  特征缺失: 0
  特征损坏: 0
  标签非法: 0
  缺少置信度: 1578

[置信度分布]
  最小值: 0.5000
  最大值: 0.5000
  平均值: 0.5000
  标准差: 0.0000
  分位数: P25=0.5000 P50=0.5000 P75=0.5000 P90=0.5000 P95=0.5000 P99=0.5000 

============================================================
数据集统计
============================================================
总样本数: 1578

标签分布:
  Real: 778 (49.30%)
  Fake: 800 (50.70%)

域分布:
  deepfake: 400
  AIGC: 400
  IMDL: 400
  Doc: 378

置信度统计:
  范围: [0.5000, 0.5000]
  均值: 0.5000
  标准差: 0.0000

配置信息:
  训练模式: 否
  数据来源: 预提取特征 (.npz)
  支持课程学习: 是
============================================================


[CurriculumManager] 初始化完成:
  总样本数: 8263
  调度策略: linear
  数据比例: 30% → 100%
  课程周期: 20 epochs
  预热周期: 2 epochs
  总参数量: 2,363,812

✅ 学习率调度: Warmup(3 epochs) + Cosine
✅ 梯度裁剪已启用: max_norm=1.0

============================================================
🏃 开始训练...
============================================================

[Curriculum] Epoch 1: 使用 2478/8263 样本 (30.0%), 置信度范围: [0.5887, 0.8152]
  当前训练批次数: 77

============================================================
Epoch 1 验证结果
============================================================
全局指标:
  Loss:      0.7989
  Accuracy:  47.66%
  AUC:       0.4913
  F1:        0.4108
  Precision: 0.4932
  Recall:    0.3521

按域统计:
  Doc            : Acc= 66.3%  AUC=0.600  (136/205)
  deepfake       : Acc= 44.9%  AUC=0.624  (89/198)
  AIGC           : Acc= 36.6%  AUC=0.380  (71/194)
  IMDL           : Acc= 41.7%  AUC=0.328  (80/192)
============================================================

[Curriculum] Epoch 1: ratio=30.0%, samples=2478/8263

Epoch 1 总结:
  训练损失: 0.6412 | 训练准确率: 77.92%
  验证损失: 0.7989 | 验证准确率: 47.66%
  验证 AUC: 0.4913 | 验证 F1: 0.4108
  学习率: 0.000067
  ✓ 最佳模型已保存! (准确率: 47.66%, AUC: 0.4913)

[Curriculum] Epoch 2: 使用 2478/8263 样本 (30.0%), 置信度范围: [0.5887, 0.8152]
  当前训练批次数: 77
[Curriculum] Epoch 1: ratio=30.0%, samples=2478/8263

============================================================
Epoch 2 验证结果
============================================================
全局指标:
  Loss:      1.1721
  Accuracy:  51.20%
  AUC:       0.5246
  F1:        0.4122
  Precision: 0.5488
  Recall:    0.3301

按域统计:
  Doc            : Acc= 71.2%  AUC=0.770  (146/205)
  deepfake       : Acc= 46.5%  AUC=0.558  (92/198)
  AIGC           : Acc= 36.1%  AUC=0.341  (70/194)
  IMDL           : Acc= 50.0%  AUC=0.451  (96/192)
============================================================

[Curriculum] Epoch 2: ratio=30.0%, samples=2478/8263

Epoch 2 总结:
  训练损失: 0.4207 | 训练准确率: 90.26%
  验证损失: 1.1721 | 验证准确率: 51.20%
  验证 AUC: 0.5246 | 验证 F1: 0.4122
  学习率: 0.000100
  ✓ 最佳模型已保存! (准确率: 51.20%, AUC: 0.5246)

[Curriculum] Epoch 3: 使用 2478/8263 样本 (30.0%), 置信度范围: [0.5887, 0.8152]
  当前训练批次数: 77
[Curriculum] Epoch 2: ratio=30.0%, samples=2478/8263

============================================================
Epoch 3 验证结果
============================================================
全局指标:
  Loss:      1.5092
  Accuracy:  50.32%
  AUC:       0.5304
  F1:        0.4132
  Precision: 0.5328
  Recall:    0.3374

按域统计:
  Doc            : Acc= 69.8%  AUC=0.756  (143/205)
  deepfake       : Acc= 46.0%  AUC=0.567  (91/198)
  AIGC           : Acc= 34.0%  AUC=0.303  (66/194)
  IMDL           : Acc= 50.5%  AUC=0.490  (97/192)
============================================================

[Curriculum] Epoch 3: ratio=33.9%, samples=2800/8263

Epoch 3 总结:
  训练损失: 0.2580 | 训练准确率: 95.05%
  验证损失: 1.5092 | 验证准确率: 50.32%
  验证 AUC: 0.5304 | 验证 F1: 0.4132
  学习率: 0.000100

[Curriculum] Epoch 4: 使用 2800/8263 样本 (33.9%), 置信度范围: [0.5720, 0.8152]
  当前训练批次数: 87
[Curriculum] Epoch 3: ratio=33.9%, samples=2800/8263

============================================================
Epoch 4 验证结果
============================================================
全局指标:
  Loss:      1.5917
  Accuracy:  49.56%
  AUC:       0.5317
  F1:        0.4651
  Precision: 0.5164
  Recall:    0.4230

按域统计:
  Doc            : Acc= 69.3%  AUC=0.823  (142/205)
  deepfake       : Acc= 47.0%  AUC=0.511  (93/198)
  AIGC           : Acc= 34.0%  AUC=0.331  (66/194)
  IMDL           : Acc= 46.9%  AUC=0.485  (90/192)
============================================================

[Curriculum] Epoch 4: ratio=37.8%, samples=3121/8263

Epoch 4 总结:
  训练损失: 0.2421 | 训练准确率: 95.76%
  验证损失: 1.5917 | 验证准确率: 49.56%
  验证 AUC: 0.5317 | 验证 F1: 0.4651
  学习率: 0.000100

[Curriculum] Epoch 5: 使用 3121/8263 样本 (37.8%), 置信度范围: [0.5549, 0.8152]
  当前训练批次数: 97
[Curriculum] Epoch 4: ratio=37.8%, samples=3121/8263

============================================================
Epoch 5 验证结果
============================================================
全局指标:
  Loss:      1.7206
  Accuracy:  49.05%
  AUC:       0.5394
  F1:        0.4401
  Precision: 0.5113
  Recall:    0.3863

按域统计:
  Doc            : Acc= 70.2%  AUC=0.791  (144/205)
  deepfake       : Acc= 46.0%  AUC=0.540  (91/198)
  AIGC           : Acc= 32.5%  AUC=0.327  (63/194)
  IMDL           : Acc= 46.4%  AUC=0.504  (89/192)
============================================================

[Curriculum] Epoch 5: ratio=41.7%, samples=3442/8263

Epoch 5 总结:
  训练损失: 0.2629 | 训练准确率: 94.20%
  验证损失: 1.7206 | 验证准确率: 49.05%
  验证 AUC: 0.5394 | 验证 F1: 0.4401
  学习率: 0.000099

[Curriculum] Epoch 6: 使用 3442/8263 样本 (41.7%), 置信度范围: [0.5376, 0.8152]
  当前训练批次数: 107
[Curriculum] Epoch 5: ratio=41.7%, samples=3442/8263
[Curriculum] Epoch 6: ratio=45.6%, samples=3764/8263

============================================================
Epoch 6 验证结果
============================================================
全局指标:
  Loss:      1.7664
  Accuracy:  49.05%
  AUC:       0.5228
  F1:        0.4463
  Precision: 0.5110
  Recall:    0.3961

按域统计:
  Doc            : Acc= 68.3%  AUC=0.682  (140/205)
  deepfake       : Acc= 46.0%  AUC=0.516  (91/198)
  AIGC           : Acc= 35.6%  AUC=0.344  (69/194)
  IMDL           : Acc= 45.3%  AUC=0.491  (87/192)
============================================================

[Curriculum] Epoch 6: ratio=45.6%, samples=3764/8263

Epoch 6 总结:
  训练损失: 0.2607 | 训练准确率: 94.10%
  验证损失: 1.7664 | 验证准确率: 49.05%
  验证 AUC: 0.5228 | 验证 F1: 0.4463
  学习率: 0.000097

[Curriculum] Epoch 7: 使用 3764/8263 样本 (45.6%), 置信度范围: [0.5213, 0.8152]
  当前训练批次数: 117

============================================================
Epoch 7 验证结果
============================================================
全局指标:
  Loss:      1.8455
  Accuracy:  51.20%
  AUC:       0.5245
  F1:        0.5070
  Precision: 0.5323
  Recall:    0.4841

按域统计:
  Doc            : Acc= 68.3%  AUC=0.603  (140/205)
  deepfake       : Acc= 46.5%  AUC=0.508  (92/198)
  AIGC           : Acc= 41.2%  AUC=0.384  (80/194)
  IMDL           : Acc= 47.9%  AUC=0.482  (92/192)
============================================================

[Curriculum] Epoch 7: ratio=49.4%, samples=4085/8263

Epoch 7 总结:
  训练损失: 0.3272 | 训练准确率: 90.97%
  验证损失: 1.8455 | 验证准确率: 51.20%
  验证 AUC: 0.5245 | 验证 F1: 0.5070
  学习率: 0.000095

[Curriculum] Epoch 8: 使用 4085/8263 样本 (49.4%), 置信度范围: [0.5046, 0.8152]
  当前训练批次数: 127
[Curriculum] Epoch 7: ratio=49.4%, samples=4085/8263
[Curriculum] Epoch 8: ratio=53.3%, samples=4406/8263

============================================================
Epoch 8 验证结果
============================================================
全局指标:
  Loss:      2.1240
  Accuracy:  50.06%
  AUC:       0.5282
  F1:        0.4290
  Precision: 0.5267
  Recall:    0.3619

按域统计:
  Doc            : Acc= 69.8%  AUC=0.601  (143/205)
  deepfake       : Acc= 45.5%  AUC=0.511  (90/198)
  AIGC           : Acc= 35.6%  AUC=0.358  (69/194)
  IMDL           : Acc= 48.4%  AUC=0.504  (93/192)
============================================================

[Curriculum] Epoch 8: ratio=53.3%, samples=4406/8263

Epoch 8 总结:
  训练损失: 0.3789 | 训练准确率: 89.37%
  验证损失: 2.1240 | 验证准确率: 50.06%
  验证 AUC: 0.5282 | 验证 F1: 0.4290
  学习率: 0.000092

[Curriculum] Epoch 9: 使用 4406/8263 样本 (53.3%), 置信度范围: [0.4871, 0.8152]
  当前训练批次数: 137

============================================================
Epoch 9 验证结果
============================================================
全局指标:
  Loss:      1.6223
  Accuracy:  50.82%
  AUC:       0.5450
  F1:        0.4535
  Precision: 0.5349
  Recall:    0.3936

按域统计:
  Doc            : Acc= 67.8%  AUC=0.627  (139/205)
  deepfake       : Acc= 45.5%  AUC=0.521  (90/198)
  AIGC           : Acc= 39.7%  AUC=0.431  (77/194)
  IMDL           : Acc= 49.5%  AUC=0.510  (95/192)
============================================================

[Curriculum] Epoch 9: ratio=57.2%, samples=4728/8263

Epoch 9 总结:
  训练损失: 0.3754 | 训练准确率: 88.64%
  验证损失: 1.6223 | 验证准确率: 50.82%
  验证 AUC: 0.5450 | 验证 F1: 0.4535
  学习率: 0.000088

[Curriculum] Epoch 10: 使用 4728/8263 样本 (57.2%), 置信度范围: [0.4705, 0.8152]
  当前训练批次数: 147
[Curriculum] Epoch 9: ratio=57.2%, samples=4728/8263

============================================================
Epoch 10 验证结果
============================================================
全局指标:
  Loss:      1.4346
  Accuracy:  55.01%
  AUC:       0.5766
  F1:        0.5546
  Precision: 0.5696
  Recall:    0.5403

按域统计:
  Doc            : Acc= 67.3%  AUC=0.712  (138/205)
  deepfake       : Acc= 47.5%  AUC=0.526  (94/198)
  AIGC           : Acc= 49.5%  AUC=0.489  (96/194)
  IMDL           : Acc= 55.2%  AUC=0.562  (106/192)
============================================================

[Curriculum] Epoch 10: ratio=61.1%, samples=5049/8263

Epoch 10 总结:
  训练损失: 0.4418 | 训练准确率: 85.25%
  验证损失: 1.4346 | 验证准确率: 55.01%
  验证 AUC: 0.5766 | 验证 F1: 0.5546
  学习率: 0.000084
  ✓ 最佳模型已保存! (准确率: 55.01%, AUC: 0.5766)

[Curriculum] Epoch 11: 使用 5049/8263 样本 (61.1%), 置信度范围: [0.4532, 0.8152]
  当前训练批次数: 157
[Curriculum] Epoch 10: ratio=61.1%, samples=5049/8263

============================================================
Epoch 11 验证结果
============================================================
全局指标:
  Loss:      1.2964
  Accuracy:  56.65%
  AUC:       0.5844
  F1:        0.5403
  Precision: 0.6000
  Recall:    0.4914

按域统计:
  Doc            : Acc= 68.8%  AUC=0.702  (141/205)
  deepfake       : Acc= 46.0%  AUC=0.525  (91/198)
  AIGC           : Acc= 59.8%  AUC=0.619  (116/194)
  IMDL           : Acc= 51.6%  AUC=0.513  (99/192)
============================================================

[Curriculum] Epoch 11: ratio=65.0%, samples=5370/8263

Epoch 11 总结:
  训练损失: 0.4669 | 训练准确率: 83.20%
  验证损失: 1.2964 | 验证准确率: 56.65%
  验证 AUC: 0.5844 | 验证 F1: 0.5403
  学习率: 0.000080
  ✓ 最佳模型已保存! (准确率: 56.65%, AUC: 0.5844)

[Curriculum] Epoch 12: 使用 5370/8263 样本 (65.0%), 置信度范围: [0.4365, 0.8152]
  当前训练批次数: 167
[Curriculum] Epoch 11: ratio=65.0%, samples=5370/8263

============================================================
Epoch 12 验证结果
============================================================
全局指标:
  Loss:      1.0778
  Accuracy:  58.30%
  AUC:       0.6200
  F1:        0.5809
  Precision: 0.6064
  Recall:    0.5575

按域统计:
  Doc            : Acc= 69.3%  AUC=0.754  (142/205)
  deepfake       : Acc= 47.0%  AUC=0.554  (93/198)
  AIGC           : Acc= 62.9%  AUC=0.703  (122/194)
  IMDL           : Acc= 53.6%  AUC=0.547  (103/192)
============================================================

[Curriculum] Epoch 12: ratio=68.9%, samples=5692/8263

Epoch 12 总结:
  训练损失: 0.5181 | 训练准确率: 80.24%
  验证损失: 1.0778 | 验证准确率: 58.30%
  验证 AUC: 0.6200 | 验证 F1: 0.5809
  学习率: 0.000075
  ✓ 最佳模型已保存! (准确率: 58.30%, AUC: 0.6200)

[Curriculum] Epoch 13: 使用 5692/8263 样本 (68.9%), 置信度范围: [0.4199, 0.8152]
  当前训练批次数: 177
[Curriculum] Epoch 12: ratio=68.9%, samples=5692/8263

============================================================
Epoch 13 验证结果
============================================================
全局指标:
  Loss:      0.9670
  Accuracy:  63.24%
  AUC:       0.6507
  F1:        0.5927
  Precision: 0.6964
  Recall:    0.5159

按域统计:
  Doc            : Acc= 71.7%  AUC=0.800  (147/205)
  deepfake       : Acc= 48.0%  AUC=0.578  (95/198)
  AIGC           : Acc= 70.1%  AUC=0.731  (136/194)
  IMDL           : Acc= 63.0%  AUC=0.608  (121/192)
============================================================

[Curriculum] Epoch 13: ratio=72.8%, samples=6013/8263

Epoch 13 总结:
  训练损失: 0.5071 | 训练准确率: 79.91%
  验证损失: 0.9670 | 验证准确率: 63.24%
  验证 AUC: 0.6507 | 验证 F1: 0.5927
  学习率: 0.000070
  ✓ 最佳模型已保存! (准确率: 63.24%, AUC: 0.6507)

[Curriculum] Epoch 14: 使用 6013/8263 样本 (72.8%), 置信度范围: [0.4048, 0.8152]
  当前训练批次数: 187
[Curriculum] Epoch 13: ratio=72.8%, samples=6013/8263

============================================================
Epoch 14 验证结果
============================================================
全局指标:
  Loss:      0.9359
  Accuracy:  62.61%
  AUC:       0.6633
  F1:        0.6019
  Precision: 0.6717
  Recall:    0.5452

按域统计:
  Doc            : Acc= 70.7%  AUC=0.787  (145/205)
  deepfake       : Acc= 48.0%  AUC=0.574  (95/198)
  AIGC           : Acc= 69.1%  AUC=0.772  (134/194)
  IMDL           : Acc= 62.5%  AUC=0.618  (120/192)
============================================================

[Curriculum] Epoch 14: ratio=76.7%, samples=6334/8263

Epoch 14 总结:
  训练损失: 0.5371 | 训练准确率: 79.04%
  验证损失: 0.9359 | 验证准确率: 62.61%
  验证 AUC: 0.6633 | 验证 F1: 0.6019
  学习率: 0.000065

[Curriculum] Epoch 15: 使用 6334/8263 样本 (76.7%), 置信度范围: [0.3949, 0.8152]
  当前训练批次数: 197
[Curriculum] Epoch 14: ratio=76.7%, samples=6334/8263

============================================================
Epoch 15 验证结果
============================================================
全局指标:
  Loss:      0.8458
  Accuracy:  68.82%
  AUC:       0.7135
  F1:        0.6328
  Precision: 0.8123
  Recall:    0.5183

按域统计:
  Doc            : Acc= 83.9%  AUC=0.917  (172/205)
  deepfake       : Acc= 51.5%  AUC=0.608  (102/198)
  AIGC           : Acc= 78.4%  AUC=0.801  (152/194)
  IMDL           : Acc= 60.9%  AUC=0.608  (117/192)
============================================================

[Curriculum] Epoch 15: ratio=80.6%, samples=6656/8263

Epoch 15 总结:
  训练损失: 0.5680 | 训练准确率: 77.95%
  验证损失: 0.8458 | 验证准确率: 68.82%
  验证 AUC: 0.7135 | 验证 F1: 0.6328
  学习率: 0.000059
  ✓ 最佳模型已保存! (准确率: 68.82%, AUC: 0.7135)

[Curriculum] Epoch 16: 使用 6656/8263 样本 (80.6%), 置信度范围: [0.3909, 0.8152]
  当前训练批次数: 208
[Curriculum] Epoch 15: ratio=80.6%, samples=6656/8263
[Curriculum] Epoch 16: ratio=84.4%, samples=6977/8263

============================================================
Epoch 16 验证结果
============================================================
全局指标:
  Loss:      0.7187
  Accuracy:  69.07%
  AUC:       0.7404
  F1:        0.6685
  Precision: 0.7523
  Recall:    0.6015

按域统计:
  Doc            : Acc= 84.4%  AUC=0.938  (173/205)
  deepfake       : Acc= 51.5%  AUC=0.603  (102/198)
  AIGC           : Acc= 79.9%  AUC=0.845  (155/194)
  IMDL           : Acc= 59.9%  AUC=0.605  (115/192)
============================================================

[Curriculum] Epoch 16: ratio=84.4%, samples=6977/8263

Epoch 16 总结:
  训练损失: 0.5712 | 训练准确率: 77.07%
  验证损失: 0.7187 | 验证准确率: 69.07%
  验证 AUC: 0.7404 | 验证 F1: 0.6685
  学习率: 0.000053
  ✓ 最佳模型已保存! (准确率: 69.07%, AUC: 0.7404)

[Curriculum] Epoch 17: 使用 6977/8263 样本 (84.4%), 置信度范围: [0.3825, 0.8152]
  当前训练批次数: 218

============================================================
Epoch 17 验证结果
============================================================
全局指标:
  Loss:      0.6665
  Accuracy:  72.37%
  AUC:       0.7725
  F1:        0.6775
  Precision: 0.8577
  Recall:    0.5599

按域统计:
  Doc            : Acc= 85.9%  AUC=0.938  (176/205)
  deepfake       : Acc= 54.5%  AUC=0.620  (108/198)
  AIGC           : Acc= 82.0%  AUC=0.851  (159/194)
  IMDL           : Acc= 66.7%  AUC=0.643  (128/192)
============================================================

[Curriculum] Epoch 17: ratio=88.3%, samples=7298/8263

Epoch 17 总结:
  训练损失: 0.5839 | 训练准确率: 77.01%
  验证损失: 0.6665 | 验证准确率: 72.37%
  验证 AUC: 0.7725 | 验证 F1: 0.6775
  学习率: 0.000048
  ✓ 最佳模型已保存! (准确率: 72.37%, AUC: 0.7725)

[Curriculum] Epoch 18: 使用 7298/8263 样本 (88.3%), 置信度范围: [0.3493, 0.8152]
  当前训练批次数: 228
[Curriculum] Epoch 17: ratio=88.3%, samples=7298/8263

============================================================
Epoch 18 验证结果
============================================================
全局指标:
  Loss:      0.6274
  Accuracy:  73.26%
  AUC:       0.7958
  F1:        0.6817
  Precision: 0.8898
  Recall:    0.5526

按域统计:
  Doc            : Acc= 82.0%  AUC=0.913  (168/205)
  deepfake       : Acc= 60.6%  AUC=0.646  (120/198)
  AIGC           : Acc= 83.0%  AUC=0.869  (161/194)
  IMDL           : Acc= 67.2%  AUC=0.679  (129/192)
============================================================

[Curriculum] Epoch 18: ratio=92.2%, samples=7620/8263

Epoch 18 总结:
  训练损失: 0.5837 | 训练准确率: 76.10%
  验证损失: 0.6274 | 验证准确率: 73.26%
  验证 AUC: 0.7958 | 验证 F1: 0.6817
  学习率: 0.000042
  ✓ 最佳模型已保存! (准确率: 73.26%, AUC: 0.7958)

[Curriculum] Epoch 19: 使用 7620/8263 样本 (92.2%), 置信度范围: [0.3122, 0.8152]
  当前训练批次数: 238
[Curriculum] Epoch 18: ratio=92.2%, samples=7620/8263

============================================================
Epoch 19 验证结果
============================================================
全局指标:
  Loss:      0.5558
  Accuracy:  75.54%
  AUC:       0.8272
  F1:        0.7182
  Precision: 0.8913
  Recall:    0.6015

按域统计:
  Doc            : Acc= 84.9%  AUC=0.931  (174/205)
  deepfake       : Acc= 64.1%  AUC=0.687  (127/198)
  AIGC           : Acc= 84.5%  AUC=0.911  (164/194)
  IMDL           : Acc= 68.2%  AUC=0.707  (131/192)
============================================================

[Curriculum] Epoch 19: ratio=96.1%, samples=7941/8263

Epoch 19 总结:
  训练损失: 0.6013 | 训练准确率: 75.45%
  验证损失: 0.5558 | 验证准确率: 75.54%
  验证 AUC: 0.8272 | 验证 F1: 0.7182
  学习率: 0.000036
  ✓ 最佳模型已保存! (准确率: 75.54%, AUC: 0.8272)

[Curriculum] Epoch 20: 使用 7941/8263 样本 (96.1%), 置信度范围: [0.2718, 0.8152]
  当前训练批次数: 248
[Curriculum] Epoch 19: ratio=96.1%, samples=7941/8263

============================================================
Epoch 20 验证结果
============================================================
全局指标:
  Loss:      0.4805
  Accuracy:  77.95%
  AUC:       0.8488
  F1:        0.7734
  Precision: 0.8273
  Recall:    0.7262

按域统计:
  Doc            : Acc= 85.9%  AUC=0.944  (176/205)
  deepfake       : Acc= 69.7%  AUC=0.726  (138/198)
  AIGC           : Acc= 86.1%  AUC=0.928  (167/194)
  IMDL           : Acc= 69.8%  AUC=0.721  (134/192)
============================================================

[Curriculum] Epoch 20: ratio=100.0%, samples=8263/8263

Epoch 20 总结:
  训练损失: 0.6279 | 训练准确率: 73.26%
  验证损失: 0.4805 | 验证准确率: 77.95%
  验证 AUC: 0.8488 | 验证 F1: 0.7734
  学习率: 0.000031
  ✓ 最佳模型已保存! (准确率: 77.95%, AUC: 0.8488)

[Curriculum] Epoch 21: 使用 8263/8263 样本 (100.0%), 置信度范围: [0.1840, 0.8152]
  当前训练批次数: 258
[Curriculum] Epoch 20: ratio=100.0%, samples=8263/8263

============================================================
Epoch 21 验证结果
============================================================
全局指标:
  Loss:      0.4500
  Accuracy:  77.69%
  AUC:       0.8727
  F1:        0.7854
  Precision: 0.7835
  Recall:    0.7873

按域统计:
  Doc            : Acc= 86.8%  AUC=0.937  (178/205)
  deepfake       : Acc= 64.6%  AUC=0.740  (128/198)
  AIGC           : Acc= 86.6%  AUC=0.952  (168/194)
  IMDL           : Acc= 72.4%  AUC=0.770  (139/192)
============================================================

[Curriculum] Epoch 21: ratio=100.0%, samples=8263/8263

Epoch 21 总结:
  训练损失: 0.6202 | 训练准确率: 73.11%
  验证损失: 0.4500 | 验证准确率: 77.69%
  验证 AUC: 0.8727 | 验证 F1: 0.7854
  学习率: 0.000026

[Curriculum] Epoch 22: 使用 8263/8263 样本 (100.0%), 置信度范围: [0.1840, 0.8152]
  当前训练批次数: 258
[Curriculum] Epoch 21: ratio=100.0%, samples=8263/8263
[Curriculum] Epoch 22: ratio=100.0%, samples=8263/8263

============================================================
Epoch 22 验证结果
============================================================
全局指标:
  Loss:      0.4420
  Accuracy:  79.97%
  AUC:       0.8740
  F1:        0.8040
  Precision: 0.8161
  Recall:    0.7922

按域统计:
  Doc            : Acc= 87.3%  AUC=0.943  (179/205)
  deepfake       : Acc= 70.7%  AUC=0.743  (140/198)
  AIGC           : Acc= 86.1%  AUC=0.942  (167/194)
  IMDL           : Acc= 75.5%  AUC=0.795  (145/192)
============================================================

[Curriculum] Epoch 22: ratio=100.0%, samples=8263/8263

Epoch 22 总结:
  训练损失: 0.6113 | 训练准确率: 73.64%
  验证损失: 0.4420 | 验证准确率: 79.97%
  验证 AUC: 0.8740 | 验证 F1: 0.8040
  学习率: 0.000021
  ✓ 最佳模型已保存! (准确率: 79.97%, AUC: 0.8740)

[Curriculum] Epoch 23: 使用 8263/8263 样本 (100.0%), 置信度范围: [0.1840, 0.8152]
  当前训练批次数: 258
[Curriculum] Epoch 23: ratio=100.0%, samples=8263/8263

============================================================
Epoch 23 验证结果
============================================================
全局指标:
  Loss:      0.4394
  Accuracy:  80.61%
  AUC:       0.8786
  F1:        0.8031
  Precision: 0.8478
  Recall:    0.7628

按域统计:
  Doc            : Acc= 88.8%  AUC=0.950  (182/205)
  deepfake       : Acc= 71.2%  AUC=0.740  (141/198)
  AIGC           : Acc= 87.6%  AUC=0.946  (170/194)
  IMDL           : Acc= 74.5%  AUC=0.790  (143/192)
============================================================

[Curriculum] Epoch 23: ratio=100.0%, samples=8263/8263

Epoch 23 总结:
  训练损失: 0.6129 | 训练准确率: 73.55%
  验证损失: 0.4394 | 验证准确率: 80.61%
  验证 AUC: 0.8786 | 验证 F1: 0.8031
  学习率: 0.000017
  ✓ 最佳模型已保存! (准确率: 80.61%, AUC: 0.8786)

[Curriculum] Epoch 24: 使用 8263/8263 样本 (100.0%), 置信度范围: [0.1840, 0.8152]
  当前训练批次数: 258

============================================================
Epoch 24 验证结果
============================================================
全局指标:
  Loss:      0.4395
  Accuracy:  79.85%
  AUC:       0.8769
  F1:        0.8015
  Precision: 0.8189
  Recall:    0.7848

按域统计:
  Doc            : Acc= 86.8%  AUC=0.945  (178/205)
  deepfake       : Acc= 68.2%  AUC=0.731  (135/198)
  AIGC           : Acc= 86.6%  AUC=0.941  (168/194)
  IMDL           : Acc= 77.6%  AUC=0.804  (149/192)
============================================================

[Curriculum] Epoch 24: ratio=100.0%, samples=8263/8263

Epoch 24 总结:
  训练损失: 0.6022 | 训练准确率: 74.35%
  验证损失: 0.4395 | 验证准确率: 79.85%
  验证 AUC: 0.8769 | 验证 F1: 0.8015
  学习率: 0.000013

[Curriculum] Epoch 25: 使用 8263/8263 样本 (100.0%), 置信度范围: [0.1840, 0.8152]
  当前训练批次数: 258
[Curriculum] Epoch 24: ratio=100.0%, samples=8263/8263

============================================================
Epoch 25 验证结果
============================================================
全局指标:
  Loss:      0.4369
  Accuracy:  80.10%
  AUC:       0.8768
  F1:        0.7990
  Precision: 0.8387
  Recall:    0.7628

按域统计:
  Doc            : Acc= 88.3%  AUC=0.953  (181/205)
  deepfake       : Acc= 72.2%  AUC=0.733  (143/198)
  AIGC           : Acc= 88.1%  AUC=0.950  (171/194)
  IMDL           : Acc= 71.4%  AUC=0.782  (137/192)
============================================================

[Curriculum] Epoch 25: ratio=100.0%, samples=8263/8263

Epoch 25 总结:
  训练损失: 0.5994 | 训练准确率: 74.15%
  验证损失: 0.4369 | 验证准确率: 80.10%
  验证 AUC: 0.8768 | 验证 F1: 0.7990
  学习率: 0.000009

[Curriculum] Epoch 26: 使用 8263/8263 样本 (100.0%), 置信度范围: [0.1840, 0.8152]
  当前训练批次数: 258
[Curriculum] Epoch 25: ratio=100.0%, samples=8263/8263

============================================================
Epoch 26 验证结果
============================================================
全局指标:
  Loss:      0.4312
  Accuracy:  80.23%
  AUC:       0.8803
  F1:        0.8045
  Precision: 0.8252
  Recall:    0.7848

按域统计:
  Doc            : Acc= 88.8%  AUC=0.951  (182/205)
  deepfake       : Acc= 69.7%  AUC=0.727  (138/198)
  AIGC           : Acc= 86.6%  AUC=0.948  (168/194)
  IMDL           : Acc= 75.5%  AUC=0.793  (145/192)
============================================================

[Curriculum] Epoch 26: ratio=100.0%, samples=8263/8263

Epoch 26 总结:
  训练损失: 0.5917 | 训练准确率: 75.02%
  验证损失: 0.4312 | 验证准确率: 80.23%
  验证 AUC: 0.8803 | 验证 F1: 0.8045
  学习率: 0.000006

[Curriculum] Epoch 27: 使用 8263/8263 样本 (100.0%), 置信度范围: [0.1840, 0.8152]
  当前训练批次数: 258
[Curriculum] Epoch 26: ratio=100.0%, samples=8263/8263

============================================================
Epoch 27 验证结果
============================================================
全局指标:
  Loss:      0.4321
  Accuracy:  80.61%
  AUC:       0.8794
  F1:        0.8085
  Precision: 0.8282
  Recall:    0.7897

按域统计:
  Doc            : Acc= 88.8%  AUC=0.951  (182/205)
  deepfake       : Acc= 70.7%  AUC=0.728  (140/198)
  AIGC           : Acc= 87.6%  AUC=0.950  (170/194)
  IMDL           : Acc= 75.0%  AUC=0.796  (144/192)
============================================================

[Curriculum] Epoch 27: ratio=100.0%, samples=8263/8263

Epoch 27 总结:
  训练损失: 0.5896 | 训练准确率: 74.88%
  验证损失: 0.4321 | 验证准确率: 80.61%
  验证 AUC: 0.8794 | 验证 F1: 0.8085
  学习率: 0.000004

[Curriculum] Epoch 28: 使用 8263/8263 样本 (100.0%), 置信度范围: [0.1840, 0.8152]
  当前训练批次数: 258
[Curriculum] Epoch 27: ratio=100.0%, samples=8263/8263

============================================================
Epoch 28 验证结果
============================================================
全局指标:
  Loss:      0.4301
  Accuracy:  79.97%
  AUC:       0.8806
  F1:        0.8049
  Precision: 0.8130
  Recall:    0.7971

按域统计:
  Doc            : Acc= 88.3%  AUC=0.953  (181/205)
  deepfake       : Acc= 70.2%  AUC=0.731  (139/198)
  AIGC           : Acc= 86.6%  AUC=0.950  (168/194)
  IMDL           : Acc= 74.5%  AUC=0.799  (143/192)
============================================================

[Curriculum] Epoch 28: ratio=100.0%, samples=8263/8263

Epoch 28 总结:
  训练损失: 0.5903 | 训练准确率: 74.69%
  验证损失: 0.4301 | 验证准确率: 79.97%
  验证 AUC: 0.8806 | 验证 F1: 0.8049
  学习率: 0.000002

[Curriculum] Epoch 29: 使用 8263/8263 样本 (100.0%), 置信度范围: [0.1840, 0.8152]
  当前训练批次数: 258
[Curriculum] Epoch 28: ratio=100.0%, samples=8263/8263

============================================================
Epoch 29 验证结果
============================================================
全局指标:
  Loss:      0.4282
  Accuracy:  81.24%
  AUC:       0.8816
  F1:        0.8103
  Precision: 0.8518
  Recall:    0.7726

按域统计:
  Doc            : Acc= 90.2%  AUC=0.951  (185/205)
  deepfake       : Acc= 71.2%  AUC=0.734  (141/198)
  AIGC           : Acc= 87.1%  AUC=0.948  (169/194)
  IMDL           : Acc= 76.0%  AUC=0.797  (146/192)
============================================================

[Curriculum] Epoch 29: ratio=100.0%, samples=8263/8263

Epoch 29 总结:
  训练损失: 0.5941 | 训练准确率: 75.46%
  验证损失: 0.4282 | 验证准确率: 81.24%
  验证 AUC: 0.8816 | 验证 F1: 0.8103
  学习率: 0.000001
[Curriculum] Epoch 29: ratio=100.0%, samples=8263/8263
  ✓ 最佳模型已保存! (准确率: 81.24%, AUC: 0.8816)

[Curriculum] Epoch 30: 使用 8263/8263 样本 (100.0%), 置信度范围: [0.1840, 0.8152]
  当前训练批次数: 258

============================================================
Epoch 30 验证结果
============================================================
全局指标:
  Loss:      0.4256
  Accuracy:  79.85%
  AUC:       0.8826
  F1:        0.8010
  Precision: 0.8205
  Recall:    0.7824

按域统计:
  Doc            : Acc= 88.8%  AUC=0.954  (182/205)
  deepfake       : Acc= 68.7%  AUC=0.731  (136/198)
  AIGC           : Acc= 86.6%  AUC=0.949  (168/194)
  IMDL           : Acc= 75.0%  AUC=0.798  (144/192)
============================================================

[Curriculum] Epoch 30: ratio=100.0%, samples=8263/8263

Epoch 30 总结:
  训练损失: 0.5977 | 训练准确率: 74.06%
  验证损失: 0.4256 | 验证准确率: 79.85%
  验证 AUC: 0.8826 | 验证 F1: 0.8010
  学习率: 0.000001
[Curriculum] Epoch 30: ratio=100.0%, samples=8263/8263

============================================================
🎉 训练完成!
最佳验证准确率: 81.24%
最佳验证 AUC: 0.8816
============================================================
